/Users/hakanficicilar/Library/Python/3.9/lib/python/site-packages/urllib3/__init__.py:35: NotOpenSSLWarning: urllib3 v2 only supports OpenSSL 1.1.1+, currently the 'ssl' module is compiled with 'LibreSSL 2.8.3'. See: https://github.com/urllib3/urllib3/issues/3020
  warnings.warn(
================================================================================
🚀 MARK MINERVINI TRADING PLATFORM
================================================================================

✅ Server başlatılıyor...
📡 URL: http://localhost:8888
📊 Dashboard: http://localhost:8888
🔍 Scanner: http://localhost:8888/scanner
💼 Portfolio: http://localhost:8888/portfolio

⚠️  Durdurmak için Ctrl+C

 * Serving Flask app 'app'
 * Debug mode: on
[31m[1mWARNING: This is a development server. Do not use it in a production deployment. Use a production WSGI server instead.[0m
 * Running on all addresses (0.0.0.0)
 * Running on http://127.0.0.1:8888
 * Running on http://172.16.51.109:8888
[33mPress CTRL+C to quit[0m
 * Restarting with stat
/Users/hakanficicilar/Library/Python/3.9/lib/python/site-packages/urllib3/__init__.py:35: NotOpenSSLWarning: urllib3 v2 only supports OpenSSL 1.1.1+, currently the 'ssl' module is compiled with 'LibreSSL 2.8.3'. See: https://github.com/urllib3/urllib3/issues/3020
  warnings.warn(
 * Debugger is active!
 * Debugger PIN: 440-621-526
 * Detected change in '/Users/hakanficicilar/Documents/Aİ/MARK MİNERVİNİ/backtest_engine.py', reloading
================================================================================
🚀 MARK MINERVINI TRADING PLATFORM
================================================================================

✅ Server başlatılıyor...
📡 URL: http://localhost:8888
📊 Dashboard: http://localhost:8888
🔍 Scanner: http://localhost:8888/scanner
💼 Portfolio: http://localhost:8888/portfolio

⚠️  Durdurmak için Ctrl+C

 * Restarting with stat
/Users/hakanficicilar/Library/Python/3.9/lib/python/site-packages/urllib3/__init__.py:35: NotOpenSSLWarning: urllib3 v2 only supports OpenSSL 1.1.1+, currently the 'ssl' module is compiled with 'LibreSSL 2.8.3'. See: https://github.com/urllib3/urllib3/issues/3020
  warnings.warn(
 * Debugger is active!
 * Debugger PIN: 440-621-526
 * Detected change in '/Users/hakanficicilar/Documents/Aİ/MARK MİNERVİNİ/backtest_engine.py', reloading
================================================================================
🚀 MARK MINERVINI TRADING PLATFORM
================================================================================

✅ Server başlatılıyor...
📡 URL: http://localhost:8888
📊 Dashboard: http://localhost:8888
🔍 Scanner: http://localhost:8888/scanner
💼 Portfolio: http://localhost:8888/portfolio

⚠️  Durdurmak için Ctrl+C

 * Restarting with stat
/Users/hakanficicilar/Library/Python/3.9/lib/python/site-packages/urllib3/__init__.py:35: NotOpenSSLWarning: urllib3 v2 only supports OpenSSL 1.1.1+, currently the 'ssl' module is compiled with 'LibreSSL 2.8.3'. See: https://github.com/urllib3/urllib3/issues/3020
  warnings.warn(
 * Debugger is active!
 * Debugger PIN: 440-621-526
 * Detected change in '/Users/hakanficicilar/Documents/Aİ/MARK MİNERVİNİ/backtest_engine.py', reloading
================================================================================
🚀 MARK MINERVINI TRADING PLATFORM
================================================================================

✅ Server başlatılıyor...
📡 URL: http://localhost:8888
📊 Dashboard: http://localhost:8888
🔍 Scanner: http://localhost:8888/scanner
💼 Portfolio: http://localhost:8888/portfolio

⚠️  Durdurmak için Ctrl+C

 * Restarting with stat
/Users/hakanficicilar/Library/Python/3.9/lib/python/site-packages/urllib3/__init__.py:35: NotOpenSSLWarning: urllib3 v2 only supports OpenSSL 1.1.1+, currently the 'ssl' module is compiled with 'LibreSSL 2.8.3'. See: https://github.com/urllib3/urllib3/issues/3020
  warnings.warn(
 * Debugger is active!
 * Debugger PIN: 440-621-526
 * Detected change in '/Users/hakanficicilar/Documents/Aİ/MARK MİNERVİNİ/backtest_engine.py', reloading
================================================================================
🚀 MARK MINERVINI TRADING PLATFORM
================================================================================

✅ Server başlatılıyor...
📡 URL: http://localhost:8888
📊 Dashboard: http://localhost:8888
🔍 Scanner: http://localhost:8888/scanner
💼 Portfolio: http://localhost:8888/portfolio

⚠️  Durdurmak için Ctrl+C

 * Restarting with stat
/Users/hakanficicilar/Library/Python/3.9/lib/python/site-packages/urllib3/__init__.py:35: NotOpenSSLWarning: urllib3 v2 only supports OpenSSL 1.1.1+, currently the 'ssl' module is compiled with 'LibreSSL 2.8.3'. See: https://github.com/urllib3/urllib3/issues/3020
  warnings.warn(
 * Debugger is active!
 * Debugger PIN: 440-621-526
 * Detected change in '/Users/hakanficicilar/Documents/Aİ/MARK MİNERVİNİ/universal_scanner.py', reloading
================================================================================
🚀 MARK MINERVINI TRADING PLATFORM
================================================================================

✅ Server başlatılıyor...
📡 URL: http://localhost:8888
📊 Dashboard: http://localhost:8888
🔍 Scanner: http://localhost:8888/scanner
💼 Portfolio: http://localhost:8888/portfolio

⚠️  Durdurmak için Ctrl+C

 * Restarting with stat
/Users/hakanficicilar/Library/Python/3.9/lib/python/site-packages/urllib3/__init__.py:35: NotOpenSSLWarning: urllib3 v2 only supports OpenSSL 1.1.1+, currently the 'ssl' module is compiled with 'LibreSSL 2.8.3'. See: https://github.com/urllib3/urllib3/issues/3020
  warnings.warn(
 * Debugger is active!
 * Debugger PIN: 440-621-526
 * Detected change in '/Users/hakanficicilar/Documents/Aİ/MARK MİNERVİNİ/universal_scanner.py', reloading
================================================================================
🚀 MARK MINERVINI TRADING PLATFORM
================================================================================

✅ Server başlatılıyor...
📡 URL: http://localhost:8888
📊 Dashboard: http://localhost:8888
🔍 Scanner: http://localhost:8888/scanner
💼 Portfolio: http://localhost:8888/portfolio

⚠️  Durdurmak için Ctrl+C

 * Restarting with stat
/Users/hakanficicilar/Library/Python/3.9/lib/python/site-packages/urllib3/__init__.py:35: NotOpenSSLWarning: urllib3 v2 only supports OpenSSL 1.1.1+, currently the 'ssl' module is compiled with 'LibreSSL 2.8.3'. See: https://github.com/urllib3/urllib3/issues/3020
  warnings.warn(
 * Debugger is active!
 * Debugger PIN: 440-621-526
 * Detected change in '/Users/hakanficicilar/Documents/Aİ/MARK MİNERVİNİ/backtest_engine.py', reloading
================================================================================
🚀 MARK MINERVINI TRADING PLATFORM
================================================================================

✅ Server başlatılıyor...
📡 URL: http://localhost:8888
📊 Dashboard: http://localhost:8888
🔍 Scanner: http://localhost:8888/scanner
💼 Portfolio: http://localhost:8888/portfolio

⚠️  Durdurmak için Ctrl+C

 * Restarting with stat
/Users/hakanficicilar/Library/Python/3.9/lib/python/site-packages/urllib3/__init__.py:35: NotOpenSSLWarning: urllib3 v2 only supports OpenSSL 1.1.1+, currently the 'ssl' module is compiled with 'LibreSSL 2.8.3'. See: https://github.com/urllib3/urllib3/issues/3020
  warnings.warn(
 * Debugger is active!
 * Debugger PIN: 440-621-526
 * Detected change in '/Users/hakanficicilar/Documents/Aİ/MARK MİNERVİNİ/universal_scanner.py', reloading
================================================================================
🚀 MARK MINERVINI TRADING PLATFORM
================================================================================

✅ Server başlatılıyor...
📡 URL: http://localhost:8888
📊 Dashboard: http://localhost:8888
🔍 Scanner: http://localhost:8888/scanner
💼 Portfolio: http://localhost:8888/portfolio

⚠️  Durdurmak için Ctrl+C

 * Restarting with stat
/Users/hakanficicilar/Library/Python/3.9/lib/python/site-packages/urllib3/__init__.py:35: NotOpenSSLWarning: urllib3 v2 only supports OpenSSL 1.1.1+, currently the 'ssl' module is compiled with 'LibreSSL 2.8.3'. See: https://github.com/urllib3/urllib3/issues/3020
  warnings.warn(
 * Debugger is active!
 * Debugger PIN: 440-621-526
 * Detected change in '/Users/hakanficicilar/Documents/Aİ/MARK MİNERVİNİ/universal_scanner.py', reloading
================================================================================
🚀 MARK MINERVINI TRADING PLATFORM
================================================================================

✅ Server başlatılıyor...
📡 URL: http://localhost:8888
📊 Dashboard: http://localhost:8888
🔍 Scanner: http://localhost:8888/scanner
💼 Portfolio: http://localhost:8888/portfolio

⚠️  Durdurmak için Ctrl+C

 * Restarting with stat
/Users/hakanficicilar/Library/Python/3.9/lib/python/site-packages/urllib3/__init__.py:35: NotOpenSSLWarning: urllib3 v2 only supports OpenSSL 1.1.1+, currently the 'ssl' module is compiled with 'LibreSSL 2.8.3'. See: https://github.com/urllib3/urllib3/issues/3020
  warnings.warn(
 * Debugger is active!
 * Debugger PIN: 440-621-526
 * Detected change in '/Users/hakanficicilar/Documents/Aİ/MARK MİNERVİNİ/universal_scanner.py', reloading
================================================================================
🚀 MARK MINERVINI TRADING PLATFORM
================================================================================

✅ Server başlatılıyor...
📡 URL: http://localhost:8888
📊 Dashboard: http://localhost:8888
🔍 Scanner: http://localhost:8888/scanner
💼 Portfolio: http://localhost:8888/portfolio

⚠️  Durdurmak için Ctrl+C

 * Restarting with stat
/Users/hakanficicilar/Library/Python/3.9/lib/python/site-packages/urllib3/__init__.py:35: NotOpenSSLWarning: urllib3 v2 only supports OpenSSL 1.1.1+, currently the 'ssl' module is compiled with 'LibreSSL 2.8.3'. See: https://github.com/urllib3/urllib3/issues/3020
  warnings.warn(
 * Debugger is active!
 * Debugger PIN: 440-621-526
 * Detected change in '/Users/hakanficicilar/Documents/Aİ/MARK MİNERVİNİ/universal_scanner.py', reloading
================================================================================
🚀 MARK MINERVINI TRADING PLATFORM
================================================================================

✅ Server başlatılıyor...
📡 URL: http://localhost:8888
📊 Dashboard: http://localhost:8888
🔍 Scanner: http://localhost:8888/scanner
💼 Portfolio: http://localhost:8888/portfolio

⚠️  Durdurmak için Ctrl+C

 * Restarting with stat
/Users/hakanficicilar/Library/Python/3.9/lib/python/site-packages/urllib3/__init__.py:35: NotOpenSSLWarning: urllib3 v2 only supports OpenSSL 1.1.1+, currently the 'ssl' module is compiled with 'LibreSSL 2.8.3'. See: https://github.com/urllib3/urllib3/issues/3020
  warnings.warn(
 * Debugger is active!
 * Debugger PIN: 440-621-526
 * Detected change in '/Users/hakanficicilar/Documents/Aİ/MARK MİNERVİNİ/universal_scanner.py', reloading
================================================================================
🚀 MARK MINERVINI TRADING PLATFORM
================================================================================

✅ Server başlatılıyor...
📡 URL: http://localhost:8888
📊 Dashboard: http://localhost:8888
🔍 Scanner: http://localhost:8888/scanner
💼 Portfolio: http://localhost:8888/portfolio

⚠️  Durdurmak için Ctrl+C

 * Restarting with stat
/Users/hakanficicilar/Library/Python/3.9/lib/python/site-packages/urllib3/__init__.py:35: NotOpenSSLWarning: urllib3 v2 only supports OpenSSL 1.1.1+, currently the 'ssl' module is compiled with 'LibreSSL 2.8.3'. See: https://github.com/urllib3/urllib3/issues/3020
  warnings.warn(
 * Debugger is active!
 * Debugger PIN: 440-621-526
 * Detected change in '/Users/hakanficicilar/Documents/Aİ/MARK MİNERVİNİ/universal_scanner.py', reloading
================================================================================
🚀 MARK MINERVINI TRADING PLATFORM
================================================================================

✅ Server başlatılıyor...
📡 URL: http://localhost:8888
📊 Dashboard: http://localhost:8888
🔍 Scanner: http://localhost:8888/scanner
💼 Portfolio: http://localhost:8888/portfolio

⚠️  Durdurmak için Ctrl+C

 * Restarting with stat
/Users/hakanficicilar/Library/Python/3.9/lib/python/site-packages/urllib3/__init__.py:35: NotOpenSSLWarning: urllib3 v2 only supports OpenSSL 1.1.1+, currently the 'ssl' module is compiled with 'LibreSSL 2.8.3'. See: https://github.com/urllib3/urllib3/issues/3020
  warnings.warn(
 * Debugger is active!
 * Debugger PIN: 440-621-526
 * Detected change in '/Users/hakanficicilar/Documents/Aİ/MARK MİNERVİNİ/universal_scanner.py', reloading
================================================================================
🚀 MARK MINERVINI TRADING PLATFORM
================================================================================

✅ Server başlatılıyor...
📡 URL: http://localhost:8888
📊 Dashboard: http://localhost:8888
🔍 Scanner: http://localhost:8888/scanner
💼 Portfolio: http://localhost:8888/portfolio

⚠️  Durdurmak için Ctrl+C

 * Restarting with stat
/Users/hakanficicilar/Library/Python/3.9/lib/python/site-packages/urllib3/__init__.py:35: NotOpenSSLWarning: urllib3 v2 only supports OpenSSL 1.1.1+, currently the 'ssl' module is compiled with 'LibreSSL 2.8.3'. See: https://github.com/urllib3/urllib3/issues/3020
  warnings.warn(
 * Debugger is active!
 * Debugger PIN: 440-621-526
 * Detected change in '/Users/hakanficicilar/Documents/Aİ/MARK MİNERVİNİ/universal_scanner.py', reloading
================================================================================
🚀 MARK MINERVINI TRADING PLATFORM
================================================================================

✅ Server başlatılıyor...
📡 URL: http://localhost:8888
📊 Dashboard: http://localhost:8888
🔍 Scanner: http://localhost:8888/scanner
💼 Portfolio: http://localhost:8888/portfolio

⚠️  Durdurmak için Ctrl+C

 * Restarting with stat
/Users/hakanficicilar/Library/Python/3.9/lib/python/site-packages/urllib3/__init__.py:35: NotOpenSSLWarning: urllib3 v2 only supports OpenSSL 1.1.1+, currently the 'ssl' module is compiled with 'LibreSSL 2.8.3'. See: https://github.com/urllib3/urllib3/issues/3020
  warnings.warn(
 * Debugger is active!
 * Debugger PIN: 440-621-526
 * Detected change in '/Users/hakanficicilar/Documents/Aİ/MARK MİNERVİNİ/app.py', reloading
================================================================================
🚀 MARK MINERVINI TRADING PLATFORM
================================================================================

✅ Server başlatılıyor...
📡 URL: http://localhost:8888
📊 Dashboard: http://localhost:8888
🔍 Scanner: http://localhost:8888/scanner
💼 Portfolio: http://localhost:8888/portfolio

⚠️  Durdurmak için Ctrl+C

 * Restarting with stat
/Users/hakanficicilar/Library/Python/3.9/lib/python/site-packages/urllib3/__init__.py:35: NotOpenSSLWarning: urllib3 v2 only supports OpenSSL 1.1.1+, currently the 'ssl' module is compiled with 'LibreSSL 2.8.3'. See: https://github.com/urllib3/urllib3/issues/3020
  warnings.warn(
 * Debugger is active!
 * Debugger PIN: 440-621-526
 * Detected change in '/Users/hakanficicilar/Documents/Aİ/MARK MİNERVİNİ/app.py', reloading
================================================================================
🚀 MARK MINERVINI TRADING PLATFORM
================================================================================

✅ Server başlatılıyor...
📡 URL: http://localhost:8888
📊 Dashboard: http://localhost:8888
🔍 Scanner: http://localhost:8888/scanner
💼 Portfolio: http://localhost:8888/portfolio

⚠️  Durdurmak için Ctrl+C

 * Restarting with stat
/Users/hakanficicilar/Library/Python/3.9/lib/python/site-packages/urllib3/__init__.py:35: NotOpenSSLWarning: urllib3 v2 only supports OpenSSL 1.1.1+, currently the 'ssl' module is compiled with 'LibreSSL 2.8.3'. See: https://github.com/urllib3/urllib3/issues/3020
  warnings.warn(
 * Debugger is active!
 * Debugger PIN: 440-621-526
$^GSPC: possibly delisted; no price data found  (1d 2025-01-01 00:00:00 -> 2025-01-02 00:00:00)

1 Failed download:
['^GSPC']: possibly delisted; no price data found  (1d 2025-01-01 00:00:00 -> 2025-01-02 00:00:00)
$^GSPC: possibly delisted; no price data found  (1d 2025-09-01 00:00:00 -> 2025-09-02 00:00:00)

1 Failed download:
['^GSPC']: possibly delisted; no price data found  (1d 2025-09-01 00:00:00 -> 2025-09-02 00:00:00)
$^GSPC: possibly delisted; no price data found  (1d 2026-01-01 00:00:00 -> 2026-01-02 00:00:00)

1 Failed download:
['^GSPC']: possibly delisted; no price data found  (1d 2026-01-01 00:00:00 -> 2026-01-02 00:00:00)
127.0.0.1 - - [20/Feb/2026 18:07:12] "[35m[1mPOST /api/backtest HTTP/1.1[0m" 500 -
 * Detected change in '/Users/hakanficicilar/Documents/Aİ/MARK MİNERVİNİ/universal_scanner.py', reloading
================================================================================
🚀 MARK MINERVINI TRADING PLATFORM
================================================================================

✅ Server başlatılıyor...
📡 URL: http://localhost:5555
📊 Dashboard: http://localhost:5555
🔍 Scanner: http://localhost:5555/scanner
💼 Portfolio: http://localhost:5555/portfolio

⚠️  Durdurmak için Ctrl+C

🔄 BIST hisseleri güncelleniyor...
⚠️ Otomatik çekme başarısız, genişletilmiş liste kullanılıyor...
✅ 474 BIST hissesi yüklendi!

================================================================================
🚀 MİNERVİNİ BACKTEST BAŞLATILIYOR
================================================================================
📅 Başlangıç: 2025-01-01
📅 Bitiş: 2026-02-20
💰 Başlangıç Sermayesi: $100,000.00
🌍 Market: BIST
================================================================================

📊 Toplam 14 aylık rebalancing yapılacak

================================================================================
📆 Rebalancing #1 - January 2025
================================================================================

🔍 2025-01-02 tarihinde BIST piyasası taranıyor...
  📊 5 hisse test edilecek...
  ✅ AKBNK.IS: SETUP
  ✅ GARAN.IS: SETUP
  ✅ ISCTR.IS: SETUP
  ✅ THYAO.IS: SETUP
  ❌ TUPRS.IS: Kriterleri geçemedi
  📊 Toplam 4 hisse kriterleri sağladı
  📊 Tarama sonucu: 4 hisse bulundu
 * Restarting with stat
/Users/hakanficicilar/Library/Python/3.9/lib/python/site-packages/urllib3/__init__.py:35: NotOpenSSLWarning: urllib3 v2 only supports OpenSSL 1.1.1+, currently the 'ssl' module is compiled with 'LibreSSL 2.8.3'. See: https://github.com/urllib3/urllib3/issues/3020
  warnings.warn(
 * Debugger is active!
 * Debugger PIN: 440-621-526
 * Detected change in '/Users/hakanficicilar/Documents/Aİ/MARK MİNERVİNİ/universal_scanner.py', reloading
================================================================================
🚀 MARK MINERVINI TRADING PLATFORM
================================================================================

✅ Server başlatılıyor...
📡 URL: http://localhost:5555
📊 Dashboard: http://localhost:5555
🔍 Scanner: http://localhost:5555/scanner
💼 Portfolio: http://localhost:5555/portfolio

⚠️  Durdurmak için Ctrl+C

 * Restarting with stat
/Users/hakanficicilar/Library/Python/3.9/lib/python/site-packages/urllib3/__init__.py:35: NotOpenSSLWarning: urllib3 v2 only supports OpenSSL 1.1.1+, currently the 'ssl' module is compiled with 'LibreSSL 2.8.3'. See: https://github.com/urllib3/urllib3/issues/3020
  warnings.warn(
 * Debugger is active!
 * Debugger PIN: 440-621-526
$^GSPC: possibly delisted; no price data found  (1d 2025-01-01 00:00:00 -> 2025-01-02 00:00:00)

1 Failed download:
['^GSPC']: possibly delisted; no price data found  (1d 2025-01-01 00:00:00 -> 2025-01-02 00:00:00)
$^GSPC: possibly delisted; no price data found  (1d 2025-09-01 00:00:00 -> 2025-09-02 00:00:00)

1 Failed download:
['^GSPC']: possibly delisted; no price data found  (1d 2025-09-01 00:00:00 -> 2025-09-02 00:00:00)
$^GSPC: possibly delisted; no price data found  (1d 2026-01-01 00:00:00 -> 2026-01-02 00:00:00)

1 Failed download:
['^GSPC']: possibly delisted; no price data found  (1d 2026-01-01 00:00:00 -> 2026-01-02 00:00:00)
HTTP Error 404: {"quoteSummary":{"result":null,"error":{"code":"Not Found","description":"Quote not found for symbol: AKBNK"}}}
$AKBNK: possibly delisted; no timezone found

1 Failed download:
['AKBNK']: possibly delisted; no timezone found
HTTP Error 404: {"quoteSummary":{"result":null,"error":{"code":"Not Found","description":"Quote not found for symbol: GARAN"}}}
$GARAN: possibly delisted; no timezone found

1 Failed download:
['GARAN']: possibly delisted; no timezone found
$ISCTR: possibly delisted; no timezone found

1 Failed download:
['ISCTR']: possibly delisted; no timezone found
$THYAO: possibly delisted; no timezone found

1 Failed download:
['THYAO']: possibly delisted; no timezone found
$AKBNK: possibly delisted; no timezone found

1 Failed download:
['AKBNK']: possibly delisted; no timezone found
$GARAN: possibly delisted; no timezone found

1 Failed download:
['GARAN']: possibly delisted; no timezone found
$ISCTR: possibly delisted; no timezone found

1 Failed download:
['ISCTR']: possibly delisted; no timezone found
$THYAO: possibly delisted; no timezone found

1 Failed download:
['THYAO']: possibly delisted; no timezone found
$THYAO: possibly delisted; no timezone found

1 Failed download:
['THYAO']: possibly delisted; no timezone found
$THYAO: possibly delisted; no timezone found

1 Failed download:
['THYAO']: possibly delisted; no timezone found
$AKBNK: possibly delisted; no timezone found

1 Failed download:
['AKBNK']: possibly delisted; no timezone found
$ISCTR: possibly delisted; no timezone found

1 Failed download:
['ISCTR']: possibly delisted; no timezone found
$GARAN: possibly delisted; no timezone found

1 Failed download:
['GARAN']: possibly delisted; no timezone found
$THYAO: possibly delisted; no timezone found

1 Failed download:
['THYAO']: possibly delisted; no timezone found
$AKBNK: possibly delisted; no timezone found

1 Failed download:
['AKBNK']: possibly delisted; no timezone found
$ISCTR: possibly delisted; no timezone found

1 Failed download:
['ISCTR']: possibly delisted; no timezone found
$GARAN: possibly delisted; no timezone found

1 Failed download:
['GARAN']: possibly delisted; no timezone found
$THYAO: possibly delisted; no timezone found

1 Failed download:
['THYAO']: possibly delisted; no timezone found
$AKBNK: possibly delisted; no timezone found

1 Failed download:
['AKBNK']: possibly delisted; no timezone found
$GARAN: possibly delisted; no timezone found

1 Failed download:
['GARAN']: possibly delisted; no timezone found
$AKBNK: possibly delisted; no timezone found

1 Failed download:
['AKBNK']: possibly delisted; no timezone found
$GARAN: possibly delisted; no timezone found

1 Failed download:
['GARAN']: possibly delisted; no timezone found
================================================================================
🚀 MARK MINERVINI TRADING PLATFORM
================================================================================

✅ Server başlatılıyor...
📡 URL: http://localhost:5555
📊 Dashboard: http://localhost:5555
🔍 Scanner: http://localhost:5555/scanner
💼 Portfolio: http://localhost:5555/portfolio

⚠️  Durdurmak için Ctrl+C

🔄 BIST hisseleri güncelleniyor...
⚠️ Otomatik çekme başarısız, genişletilmiş liste kullanılıyor...
✅ 474 BIST hissesi yüklendi!

================================================================================
🚀 MİNERVİNİ BACKTEST BAŞLATILIYOR
================================================================================
📅 Başlangıç: 2025-01-01
📅 Bitiş: 2026-02-20
💰 Başlangıç Sermayesi: $100,000.00
🌍 Market: BIST
================================================================================

📊 Toplam 14 aylık rebalancing yapılacak

================================================================================
📆 Rebalancing #1 - January 2025
================================================================================

🔍 2025-01-02 tarihinde BIST piyasası taranıyor...
  📊 5 hisse test edilecek...
  ✅ AKBNK.IS: SETUP
  ✅ GARAN.IS: SETUP
  ✅ ISCTR.IS: SETUP
  ✅ THYAO.IS: SETUP
  ❌ TUPRS.IS: Kriterleri geçemedi
  📊 Toplam 4 hisse kriterleri sağladı
  📊 Tarama sonucu: 4 hisse bulundu
  ✅ Top 4 hisse seçildi:
    1. AKBNK (BIST) - $64.76 - RS:8.35 - SETUP
    2. GARAN (BIST) - $124.50 - RS:2.84 - SETUP
    3. ISCTR (BIST) - $13.87 - RS:2.76 - SETUP
    4. THYAO (BIST) - $291.11 - RS:-0.44 - SETUP
    🟢 AL: AKBNK - 386 adet @ $64.76 (Maliyet: $24997.36)
    🟢 AL: GARAN - 200 adet @ $124.50 (Maliyet: $24900.00)
    🟢 AL: ISCTR - 1802 adet @ $13.87 (Maliyet: $24993.74)
    🟢 AL: THYAO - 85 adet @ $291.11 (Maliyet: $24744.35)
  💼 Portföy Değeri: $364.55
  📈 Toplam Getiri: -99.64%

================================================================================
📆 Rebalancing #2 - February 2025
================================================================================

🔍 2025-02-03 tarihinde BIST piyasası taranıyor...
  📊 5 hisse test edilecek...
  ✅ AKBNK.IS: WATCHING
  ✅ GARAN.IS: WATCHING
  ❌ ISCTR.IS: Kriterleri geçemedi
  ✅ THYAO.IS: SETUP
  ❌ TUPRS.IS: Kriterleri geçemedi
  📊 Toplam 3 hisse kriterleri sağladı
  📊 Tarama sonucu: 3 hisse bulundu
  ✅ Top 1 hisse seçildi:
    1. THYAO (BIST) - $296.48 - RS:-3.32 - SETUP
    🔴 SAT: AKBNK - 386 adet @ $64.76 (P&L: $0.00 / 0.00%)
    🔴 SAT: GARAN - 200 adet @ $124.50 (P&L: $0.00 / 0.00%)
    🔴 SAT: ISCTR - 1802 adet @ $13.87 (P&L: $0.00 / 0.00%)
    🔴 SAT: THYAO - 85 adet @ $291.11 (P&L: $0.00 / 0.00%)
    🟢 AL: THYAO - 337 adet @ $296.48 (Maliyet: $99913.76)
  💼 Portföy Değeri: $86.24
  📈 Toplam Getiri: -99.91%

================================================================================
📆 Rebalancing #3 - March 2025
================================================================================

🔍 2025-03-03 tarihinde BIST piyasası taranıyor...
  📊 5 hisse test edilecek...
  ✅ AKBNK.IS: SETUP
  ✅ GARAN.IS: SETUP
  ✅ ISCTR.IS: SETUP
  ✅ THYAO.IS: SETUP
  ❌ TUPRS.IS: Kriterleri geçemedi
  📊 Toplam 4 hisse kriterleri sağladı
  📊 Tarama sonucu: 4 hisse bulundu
  ✅ Top 4 hisse seçildi:
    1. AKBNK (BIST) - $70.58 - RS:13.59 - SETUP
    2. ISCTR (BIST) - $15.63 - RS:13.57 - SETUP
    3. GARAN (BIST) - $132.79 - RS:10.57 - SETUP
    4. THYAO (BIST) - $309.92 - RS:7.97 - SETUP
    🔴 SAT: THYAO - 337 adet @ $296.48 (P&L: $0.00 / 0.00%)
    🟢 AL: AKBNK - 354 adet @ $70.58 (Maliyet: $24985.32)
    🟢 AL: ISCTR - 1599 adet @ $15.63 (Maliyet: $24992.37)
    🟢 AL: GARAN - 188 adet @ $132.79 (Maliyet: $24964.52)
    🟢 AL: THYAO - 80 adet @ $309.92 (Maliyet: $24793.60)
  💼 Portföy Değeri: $264.19
  📈 Toplam Getiri: -99.74%

================================================================================
📆 Rebalancing #4 - April 2025
================================================================================

🔍 2025-04-01 tarihinde BIST piyasası taranıyor...
  📊 5 hisse test edilecek...
  ❌ AKBNK.IS: Kriterleri geçemedi
  ❌ GARAN.IS: Kriterleri geçemedi
  ❌ ISCTR.IS: Kriterleri geçemedi
  ✅ THYAO.IS: WATCHING
  ❌ TUPRS.IS: Kriterleri geçemedi
  📊 Toplam 1 hisse kriterleri sağladı
  📊 Tarama sonucu: 1 hisse bulundu
  ⚠️ Hiç uygun hisse bulunamadı (BREAKOUT/PIVOT_NEAR/SETUP)!
    🔴 SAT: AKBNK - 354 adet @ $70.58 (P&L: $0.00 / 0.00%)
    🔴 SAT: ISCTR - 1599 adet @ $15.63 (P&L: $0.00 / 0.00%)
    🔴 SAT: GARAN - 188 adet @ $132.79 (P&L: $0.00 / 0.00%)
    🔴 SAT: THYAO - 80 adet @ $309.92 (P&L: $0.00 / 0.00%)
  ⚠️ Yeni hisse bulunamadı, nakit durulacak.
  💼 Portföy Değeri: $100,000.00
  📈 Toplam Getiri: 0.00%

================================================================================
📆 Rebalancing #5 - May 2025
================================================================================

🔍 2025-05-01 tarihinde BIST piyasası taranıyor...
  📊 5 hisse test edilecek...
  ❌ AKBNK.IS: Kriterleri geçemedi
  ❌ GARAN.IS: Kriterleri geçemedi
  ❌ ISCTR.IS: Kriterleri geçemedi
  ❌ THYAO.IS: Kriterleri geçemedi
  ❌ TUPRS.IS: Kriterleri geçemedi
  📊 Toplam 0 hisse kriterleri sağladı
  📊 Tarama sonucu: 0 hisse bulundu
  ⚠️ Hiç uygun hisse bulunamadı (BREAKOUT/PIVOT_NEAR/SETUP)!
  ⚠️ Yeni hisse bulunamadı, nakit durulacak.
  💼 Portföy Değeri: $100,000.00
  📈 Toplam Getiri: 0.00%

================================================================================
📆 Rebalancing #6 - June 2025
================================================================================

🔍 2025-06-02 tarihinde BIST piyasası taranıyor...
  📊 5 hisse test edilecek...
  ❌ AKBNK.IS: Kriterleri geçemedi
  ❌ GARAN.IS: Kriterleri geçemedi
  ❌ ISCTR.IS: Kriterleri geçemedi
  ❌ THYAO.IS: Kriterleri geçemedi
  ❌ TUPRS.IS: Kriterleri geçemedi
  📊 Toplam 0 hisse kriterleri sağladı
  📊 Tarama sonucu: 0 hisse bulundu
  ⚠️ Hiç uygun hisse bulunamadı (BREAKOUT/PIVOT_NEAR/SETUP)!
  ⚠️ Yeni hisse bulunamadı, nakit durulacak.
  💼 Portföy Değeri: $100,000.00
  📈 Toplam Getiri: 0.00%

================================================================================
📆 Rebalancing #7 - July 2025
================================================================================

🔍 2025-07-01 tarihinde BIST piyasası taranıyor...
  📊 5 hisse test edilecek...
  ✅ AKBNK.IS: SETUP
  ✅ GARAN.IS: PIVOT_NEAR
  ❌ ISCTR.IS: Kriterleri geçemedi
  ❌ THYAO.IS: Kriterleri geçemedi
  ❌ TUPRS.IS: Kriterleri geçemedi
  📊 Toplam 2 hisse kriterleri sağladı
  📊 Tarama sonucu: 2 hisse bulundu
  ✅ Top 2 hisse seçildi:
    1. AKBNK (BIST) - $69.15 - RS:24.97 - SETUP
    2. GARAN (BIST) - $138.90 - RS:11.01 - PIVOT_NEAR
    🟢 AL: AKBNK - 723 adet @ $69.15 (Maliyet: $49995.45)
    🟢 AL: GARAN - 359 adet @ $138.90 (Maliyet: $49865.10)
  💼 Portföy Değeri: $139.45
  📈 Toplam Getiri: -99.86%

================================================================================
📆 Rebalancing #8 - August 2025
================================================================================

🔍 2025-08-01 tarihinde BIST piyasası taranıyor...
  📊 5 hisse test edilecek...
  ✅ AKBNK.IS: WATCHING
  ✅ GARAN.IS: PIVOT_NEAR
  ✅ ISCTR.IS: SETUP
  ❌ THYAO.IS: Kriterleri geçemedi
  ✅ TUPRS.IS: SETUP
  📊 Toplam 4 hisse kriterleri sağladı
  📊 Tarama sonucu: 4 hisse bulundu
  ✅ Top 3 hisse seçildi:
    1. ISCTR (BIST) - $14.93 - RS:26.57 - SETUP
    2. GARAN (BIST) - $145.50 - RS:23.29 - PIVOT_NEAR
    3. TUPRS (BIST) - $159.53 - RS:14.66 - SETUP
    🔴 SAT: AKBNK - 723 adet @ $69.15 (P&L: $0.00 / 0.00%)
    🔴 SAT: GARAN - 359 adet @ $138.90 (P&L: $0.00 / 0.00%)
$ISCTR: possibly delisted; no timezone found

1 Failed download:
['ISCTR']: possibly delisted; no timezone found
$GARAN: possibly delisted; no timezone found

1 Failed download:
['GARAN']: possibly delisted; no timezone found
$TUPRS: possibly delisted; no timezone found

1 Failed download:
['TUPRS']: possibly delisted; no timezone found
$ISCTR: possibly delisted; no timezone found

1 Failed download:
['ISCTR']: possibly delisted; no timezone found
$GARAN: possibly delisted; no timezone found

1 Failed download:
['GARAN']: possibly delisted; no timezone found
$TUPRS: possibly delisted; no timezone found

1 Failed download:
['TUPRS']: possibly delisted; no timezone found
$TUPRS: possibly delisted; no timezone found

1 Failed download:
['TUPRS']: possibly delisted; no timezone found
$THYAO: possibly delisted; no timezone found

1 Failed download:
['THYAO']: possibly delisted; no timezone found
$TUPRS: possibly delisted; no timezone found

1 Failed download:
['TUPRS']: possibly delisted; no timezone found
$THYAO: possibly delisted; no timezone found

1 Failed download:
['THYAO']: possibly delisted; no timezone found
$TUPRS: possibly delisted; no timezone found

1 Failed download:
['TUPRS']: possibly delisted; no timezone found
$TUPRS: possibly delisted; no timezone found

1 Failed download:
['TUPRS']: possibly delisted; no timezone found
$GARAN: possibly delisted; no timezone found

1 Failed download:
['GARAN']: possibly delisted; no timezone found
$GARAN: possibly delisted; no timezone found

1 Failed download:
['GARAN']: possibly delisted; no timezone found
$GARAN: possibly delisted; no timezone found

1 Failed download:
['GARAN']: possibly delisted; no timezone found
$GARAN: possibly delisted; no timezone found

1 Failed download:
['GARAN']: possibly delisted; no timezone found
$AKBNK: possibly delisted; no timezone found

1 Failed download:
['AKBNK']: possibly delisted; no timezone found
$GARAN: possibly delisted; no timezone found

1 Failed download:
['GARAN']: possibly delisted; no timezone found
$AKBNK: possibly delisted; no timezone found

1 Failed download:
['AKBNK']: possibly delisted; no timezone found
$GARAN: possibly delisted; no timezone found

1 Failed download:
['GARAN']: possibly delisted; no timezone found
$ISCTR: possibly delisted; no timezone found

1 Failed download:
['ISCTR']: possibly delisted; no timezone found
$GARAN: possibly delisted; no timezone found

1 Failed download:
['GARAN']: possibly delisted; no timezone found
$ISCTR: possibly delisted; no timezone found

1 Failed download:
['ISCTR']: possibly delisted; no timezone found
$GARAN: possibly delisted; no timezone found

1 Failed download:
['GARAN']: possibly delisted; no timezone found
127.0.0.1 - - [20/Feb/2026 21:24:25] "POST /api/backtest HTTP/1.1" 200 -
127.0.0.1 - - [20/Feb/2026 21:27:25] "GET / HTTP/1.1" 200 -
127.0.0.1 - - [20/Feb/2026 21:33:41] "GET /backtest HTTP/1.1" 200 -
127.0.0.1 - - [20/Feb/2026 21:33:41] "[36mGET /static/css/style.css HTTP/1.1[0m" 304 -
127.0.0.1 - - [20/Feb/2026 21:33:41] "[36mGET /static/js/app.js HTTP/1.1[0m" 304 -
$^GSPC: possibly delisted; no price data found  (1d 2025-09-01 00:00:00 -> 2025-09-02 00:00:00)

1 Failed download:
['^GSPC']: possibly delisted; no price data found  (1d 2025-09-01 00:00:00 -> 2025-09-02 00:00:00)
$^GSPC: possibly delisted; no price data found  (1d 2026-01-01 00:00:00 -> 2026-01-02 00:00:00)

1 Failed download:
['^GSPC']: possibly delisted; no price data found  (1d 2026-01-01 00:00:00 -> 2026-01-02 00:00:00)
    🟢 AL: ISCTR - 2232 adet @ $14.93 (Maliyet: $33323.76)
    🟢 AL: GARAN - 229 adet @ $145.50 (Maliyet: $33319.50)
    🟢 AL: TUPRS - 208 adet @ $159.53 (Maliyet: $33182.24)
  💼 Portföy Değeri: $174.50
  📈 Toplam Getiri: -99.83%

================================================================================
📆 Rebalancing #9 - September 2025
================================================================================

🔍 2025-09-02 tarihinde BIST piyasası taranıyor...
  📊 5 hisse test edilecek...
  ❌ AKBNK.IS: Kriterleri geçemedi
  ✅ GARAN.IS: WATCHING
  ❌ ISCTR.IS: Kriterleri geçemedi
  ✅ THYAO.IS: SETUP
  ✅ TUPRS.IS: SETUP
  📊 Toplam 3 hisse kriterleri sağladı
  📊 Tarama sonucu: 3 hisse bulundu
  ✅ Top 2 hisse seçildi:
    1. TUPRS (BIST) - $164.34 - RS:15.17 - SETUP
    2. THYAO (BIST) - $329.25 - RS:4.11 - SETUP
    🔴 SAT: ISCTR - 2232 adet @ $14.93 (P&L: $0.00 / 0.00%)
    🔴 SAT: GARAN - 229 adet @ $145.50 (P&L: $0.00 / 0.00%)
    🔴 SAT: TUPRS - 208 adet @ $159.53 (P&L: $0.00 / 0.00%)
    🟢 AL: TUPRS - 304 adet @ $164.34 (Maliyet: $49959.36)
    🟢 AL: THYAO - 151 adet @ $329.25 (Maliyet: $49716.75)
  💼 Portföy Değeri: $323.89
  📈 Toplam Getiri: -99.68%

================================================================================
📆 Rebalancing #10 - October 2025
================================================================================

🔍 2025-10-01 tarihinde BIST piyasası taranıyor...
  📊 5 hisse test edilecek...
  ✅ AKBNK.IS: WATCHING
  ✅ GARAN.IS: WATCHING
  ✅ ISCTR.IS: WATCHING
  ✅ THYAO.IS: WATCHING
  ✅ TUPRS.IS: SETUP
  📊 Toplam 5 hisse kriterleri sağladı
  📊 Tarama sonucu: 5 hisse bulundu
  ✅ Top 1 hisse seçildi:
    1. TUPRS (BIST) - $191.00 - RS:26.21 - SETUP
    🔴 SAT: TUPRS - 304 adet @ $164.34 (P&L: $0.00 / 0.00%)
    🔴 SAT: THYAO - 151 adet @ $329.25 (P&L: $0.00 / 0.00%)
    🟢 AL: TUPRS - 523 adet @ $191.00 (Maliyet: $99893.00)
  💼 Portföy Değeri: $107.00
  📈 Toplam Getiri: -99.89%

================================================================================
📆 Rebalancing #11 - November 2025
================================================================================

🔍 2025-11-03 tarihinde BIST piyasası taranıyor...
  📊 5 hisse test edilecek...
  ❌ AKBNK.IS: Kriterleri geçemedi
  ✅ GARAN.IS: SETUP
  ❌ ISCTR.IS: Kriterleri geçemedi
  ❌ THYAO.IS: Kriterleri geçemedi
  ✅ TUPRS.IS: WATCHING
  📊 Toplam 2 hisse kriterleri sağladı
  📊 Tarama sonucu: 2 hisse bulundu
  ✅ Top 1 hisse seçildi:
    1. GARAN (BIST) - $134.20 - RS:-9.19 - SETUP
    🔴 SAT: TUPRS - 523 adet @ $191.00 (P&L: $0.00 / 0.00%)
    🟢 AL: GARAN - 745 adet @ $134.20 (Maliyet: $99979.00)
  💼 Portföy Değeri: $21.00
  📈 Toplam Getiri: -99.98%

================================================================================
📆 Rebalancing #12 - December 2025
================================================================================

🔍 2025-12-01 tarihinde BIST piyasası taranıyor...
  📊 5 hisse test edilecek...
  ❌ AKBNK.IS: Kriterleri geçemedi
  ✅ GARAN.IS: SETUP
  ❌ ISCTR.IS: Kriterleri geçemedi
  ❌ THYAO.IS: Kriterleri geçemedi
  ✅ TUPRS.IS: WATCHING
  📊 Toplam 2 hisse kriterleri sağladı
  📊 Tarama sonucu: 2 hisse bulundu
  ✅ Top 1 hisse seçildi:
    1. GARAN (BIST) - $142.00 - RS:-0.12 - SETUP
    🔴 SAT: GARAN - 745 adet @ $134.20 (P&L: $0.00 / 0.00%)
    🟢 AL: GARAN - 704 adet @ $142.00 (Maliyet: $99968.00)
  💼 Portföy Değeri: $32.00
  📈 Toplam Getiri: -99.97%

================================================================================
📆 Rebalancing #13 - January 2026
================================================================================

🔍 2026-01-02 tarihinde BIST piyasası taranıyor...
  📊 5 hisse test edilecek...
  ✅ AKBNK.IS: PIVOT_NEAR
  ✅ GARAN.IS: PIVOT_NEAR
  ❌ ISCTR.IS: Kriterleri geçemedi
  ❌ THYAO.IS: Kriterleri geçemedi
  ✅ TUPRS.IS: WATCHING
  📊 Toplam 3 hisse kriterleri sağladı
  📊 Tarama sonucu: 3 hisse bulundu
  ✅ Top 2 hisse seçildi:
    1. AKBNK (BIST) - $73.50 - RS:19.86 - PIVOT_NEAR
    2. GARAN (BIST) - $149.70 - RS:6.66 - PIVOT_NEAR
    🔴 SAT: GARAN - 704 adet @ $142.00 (P&L: $0.00 / 0.00%)
    🟢 AL: AKBNK - 680 adet @ $73.50 (Maliyet: $49980.00)
    🟢 AL: GARAN - 334 adet @ $149.70 (Maliyet: $49999.80)
  💼 Portföy Değeri: $20.20
  📈 Toplam Getiri: -99.98%

================================================================================
📆 Rebalancing #14 - February 2026
================================================================================

🔍 2026-02-02 tarihinde BIST piyasası taranıyor...
  📊 5 hisse test edilecek...
  ✅ AKBNK.IS: WATCHING
  ✅ GARAN.IS: PIVOT_NEAR
  ✅ ISCTR.IS: PIVOT_NEAR
  ❌ THYAO.IS: Kriterleri geçemedi
  ✅ TUPRS.IS: WATCHING
  📊 Toplam 4 hisse kriterleri sağladı
  📊 Tarama sonucu: 4 hisse bulundu
  ✅ Top 2 hisse seçildi:
    1. ISCTR (BIST) - $17.46 - RS:5.29 - PIVOT_NEAR
    2. GARAN (BIST) - $165.00 - RS:-5.69 - PIVOT_NEAR
    🔴 SAT: AKBNK - 680 adet @ $73.50 (P&L: $0.00 / 0.00%)
    🔴 SAT: GARAN - 334 adet @ $149.70 (P&L: $0.00 / 0.00%)
    🟢 AL: ISCTR - 2863 adet @ $17.46 (Maliyet: $49987.98)
    🟢 AL: GARAN - 303 adet @ $165.00 (Maliyet: $49995.00)
  💼 Portföy Değeri: $17.02
  📈 Toplam Getiri: -99.98%

================================================================================
🏁 BACKTEST TAMAMLANDI - Final pozisyonlar kapatılıyor
================================================================================
    🔴 SAT: ISCTR - 2863 adet @ $17.46 (P&L: $0.00 / 0.00%)
    🔴 SAT: GARAN - 303 adet @ $165.00 (P&L: $0.00 / 0.00%)
  ⚠️ Yeni hisse bulunamadı, nakit durulacak.

================================================================================
📊 BACKTEST SONUÇLARI
================================================================================
💰 Başlangıç Sermayesi: $100,000.00
💵 Son Değer: $100,000.00
📈 Toplam Getiri: 0.00%
📉 Maksimum Drawdown: -99.98%
📊 Sharpe Ratio: -1.60

🎯 İşlem İstatistikleri:
  Toplam İşlem: 23
  Kazanan: 0 (0.0%)
  Kaybeden: 23
  Ortalama Kazanç: 0.00%
  Ortalama Kayıp: 0.00%
================================================================================

🔄 BIST hisseleri güncelleniyor...
⚠️ Otomatik çekme başarısız, genişletilmiş liste kullanılıyor...
✅ 474 BIST hissesi yüklendi!

================================================================================
🚀 MİNERVİNİ BACKTEST BAŞLATILIYOR
================================================================================
📅 Başlangıç: 2025-02-03
📅 Bitiş: 2026-02-20
💰 Başlangıç Sermayesi: $100,000.00
🌍 Market: US
================================================================================

📊 Toplam 13 aylık rebalancing yapılacak

================================================================================
📆 Rebalancing #1 - February 2025
================================================================================

🔍 2025-02-03 tarihinde US piyasası taranıyor...
  📊 8 hisse test edilecek...
  ✅ AAPL: WATCHING
  ❌ MSFT: Kriterleri geçemedi
  ✅ GOOGL: PIVOT_NEAR
  ✅ AMZN: PIVOT_NEAR
  ❌ NVDA: Kriterleri geçemedi
  ✅ META: PIVOT_NEAR
  ✅ TSLA: WATCHING
  ✅ NFLX: SETUP
  📊 Toplam 6 hisse kriterleri sağladı
  📊 Tarama sonucu: 6 hisse bulundu
  ✅ Top 4 hisse seçildi:
    1. NFLX (US) - $99.49 - RS:94.70 - SETUP
    2. META (US) - $701.98 - RS:72.22 - PIVOT_NEAR
    3. GOOGL (US) - $205.57 - RS:69.47 - PIVOT_NEAR
    4. AMZN (US) - $242.06 - RS:65.70 - PIVOT_NEAR
    🟢 AL: NFLX - 251 adet @ $99.49 (Maliyet: $24971.99)
    🟢 AL: META - 35 adet @ $701.98 (Maliyet: $24569.30)
    🟢 AL: GOOGL - 121 adet @ $205.57 (Maliyet: $24873.97)
    🟢 AL: AMZN - 103 adet @ $242.06 (Maliyet: $24932.18)
  💼 Portföy Değeri: $98,266.42
  📈 Toplam Getiri: -1.73%

================================================================================
📆 Rebalancing #2 - March 2025
================================================================================

🔍 2025-03-03 tarihinde US piyasası taranıyor...
  📊 8 hisse test edilecek...
  ✅ AAPL: WATCHING
  ❌ MSFT: Kriterleri geçemedi
  ❌ GOOGL: Kriterleri geçemedi
  ✅ AMZN: WATCHING
  ❌ NVDA: Kriterleri geçemedi
  ✅ META: WATCHING
  ❌ TSLA: Kriterleri geçemedi
  ✅ NFLX: WATCHING
  📊 Toplam 4 hisse kriterleri sağladı
  📊 Tarama sonucu: 4 hisse bulundu
  ⚠️ Hiç uygun hisse bulunamadı (BREAKOUT/PIVOT_NEAR/SETUP)!
    🔴 SAT: NFLX - 251 adet @ $97.37 (P&L: $-532.12 / -2.13%)
    🔴 SAT: META - 35 adet @ $652.99 (P&L: $-1714.62 / -6.98%)
    🔴 SAT: GOOGL - 121 adet @ $166.36 (P&L: $-4744.60 / -19.07%)
    🔴 SAT: AMZN - 103 adet @ $205.02 (P&L: $-3815.12 / -15.30%)
  ⚠️ Yeni hisse bulunamadı, nakit durulacak.
  💼 Portföy Değeri: $89,193.55
  📈 Toplam Getiri: -10.81%

================================================================================
📆 Rebalancing #3 - April 2025
================================================================================

🔍 2025-04-01 tarihinde US piyasası taranıyor...
  📊 8 hisse test edilecek...
  ❌ AAPL: Kriterleri geçemedi
  ❌ MSFT: Kriterleri geçemedi
  ❌ GOOGL: Kriterleri geçemedi
  ❌ AMZN: Kriterleri geçemedi
  ❌ NVDA: Kriterleri geçemedi
  ❌ META: Kriterleri geçemedi
  ❌ TSLA: Kriterleri geçemedi
  ✅ NFLX: WATCHING
  📊 Toplam 1 hisse kriterleri sağladı
  📊 Tarama sonucu: 1 hisse bulundu
  ⚠️ Hiç uygun hisse bulunamadı (BREAKOUT/PIVOT_NEAR/SETUP)!
  ⚠️ Yeni hisse bulunamadı, nakit durulacak.
  💼 Portföy Değeri: $89,193.55
  📈 Toplam Getiri: -10.81%

================================================================================
📆 Rebalancing #4 - May 2025
================================================================================

🔍 2025-05-01 tarihinde US piyasası taranıyor...
  📊 8 hisse test edilecek...
  ❌ AAPL: Kriterleri geçemedi
  ❌ MSFT: Kriterleri geçemedi
  ❌ GOOGL: Kriterleri geçemedi
  ❌ AMZN: Kriterleri geçemedi
  ❌ NVDA: Kriterleri geçemedi
  ❌ META: Kriterleri geçemedi
  ❌ TSLA: Kriterleri geçemedi
  ✅ NFLX: PIVOT_NEAR
  📊 Toplam 1 hisse kriterleri sağladı
  📊 Tarama sonucu: 1 hisse bulundu
  ✅ Top 1 hisse seçildi:
    1. NFLX (US) - $115.65 - RS:100.00 - PIVOT_NEAR
    🟢 AL: NFLX - 771 adet @ $115.65 (Maliyet: $89166.15)
  💼 Portföy Değeri: $87,417.93
  📈 Toplam Getiri: -12.58%

================================================================================
📆 Rebalancing #5 - June 2025
================================================================================

🔍 2025-06-02 tarihinde US piyasası taranıyor...
  📊 8 hisse test edilecek...
  ❌ AAPL: Kriterleri geçemedi
  ✅ MSFT: PIVOT_NEAR
  ❌ GOOGL: Kriterleri geçemedi
  ❌ AMZN: Kriterleri geçemedi
  ✅ NVDA: SETUP
  ✅ META: SETUP
  ✅ TSLA: WATCHING
  ✅ NFLX: PIVOT_NEAR
  📊 Toplam 5 hisse kriterleri sağladı
  📊 Tarama sonucu: 5 hisse bulundu
  ✅ Top 4 hisse seçildi:
    1. NFLX (US) - $121.79 - RS:100.00 - PIVOT_NEAR
    2. META (US) - $665.35 - RS:76.73 - SETUP
    3. NVDA (US) - $141.19 - RS:63.90 - SETUP
    4. MSFT (US) - $460.30 - RS:49.34 - PIVOT_NEAR
    🔴 SAT: NFLX - 771 adet @ $121.90 (P&L: $4817.21 / 5.40%)
    🟢 AL: NFLX - 192 adet @ $121.79 (Maliyet: $23383.68)
    🟢 AL: META - 35 adet @ $665.35 (Maliyet: $23287.25)
    🟢 AL: NVDA - 166 adet @ $141.19 (Maliyet: $23437.54)
    🟢 AL: MSFT - 51 adet @ $460.30 (Maliyet: $23475.30)
  💼 Portföy Değeri: $93,485.25
  📈 Toplam Getiri: -6.51%

================================================================================
📆 Rebalancing #6 - July 2025
================================================================================

🔍 2025-07-01 tarihinde US piyasası taranıyor...
  📊 8 hisse test edilecek...
  ❌ AAPL: Kriterleri geçemedi
  ✅ MSFT: SETUP
  ✅ GOOGL: SETUP
  ✅ AMZN: SETUP
  ✅ NVDA: PIVOT_NEAR
  ✅ META: SETUP
  ❌ TSLA: Kriterleri geçemedi
  ✅ NFLX: SETUP
  📊 Toplam 6 hisse kriterleri sağladı
  📊 Tarama sonucu: 6 hisse bulundu
  ✅ Top 5 hisse seçildi:
    1. NFLX (US) - $128.49 - RS:100.00 - SETUP
    2. META (US) - $712.51 - RS:74.73 - SETUP
    3. NVDA (US) - $157.23 - RS:61.26 - PIVOT_NEAR
    4. AMZN (US) - $219.92 - RS:48.05 - SETUP
    5. MSFT (US) - $488.25 - RS:45.26 - SETUP
    🔴 SAT: NFLX - 192 adet @ $129.36 (P&L: $1453.44 / 6.22%)
    🔴 SAT: META - 35 adet @ $718.15 (P&L: $1847.97 / 7.94%)
    🔴 SAT: NVDA - 166 adet @ $153.28 (P&L: $2007.41 / 8.56%)
    🔴 SAT: MSFT - 51 adet @ $489.21 (P&L: $1474.31 / 6.28%)
    🟢 AL: NFLX - 156 adet @ $128.49 (Maliyet: $20044.44)
    🟢 AL: META - 28 adet @ $712.51 (Maliyet: $19950.28)
    🟢 AL: NVDA - 128 adet @ $157.23 (Maliyet: $20125.44)
    🟢 AL: AMZN - 91 adet @ $219.92 (Maliyet: $20012.72)
    🟢 AL: MSFT - 41 adet @ $488.25 (Maliyet: $20018.25)
  💼 Portföy Değeri: $100,670.70
  📈 Toplam Getiri: 0.67%

================================================================================
📆 Rebalancing #7 - August 2025
================================================================================

🔍 2025-08-01 tarihinde US piyasası taranıyor...
  📊 8 hisse test edilecek...
  ❌ AAPL: Kriterleri geçemedi
  ✅ MSFT: WATCHING
  ✅ GOOGL: SETUP
  ✅ AMZN: WATCHING
  ✅ NVDA: WATCHING
  ✅ META: SETUP
  ❌ TSLA: Kriterleri geçemedi
  ✅ NFLX: WATCHING
  📊 Toplam 6 hisse kriterleri sağladı
  📊 Tarama sonucu: 6 hisse bulundu
  ✅ Top 2 hisse seçildi:
    1. META (US) - $748.89 - RS:90.31 - SETUP
    2. GOOGL (US) - $188.84 - RS:48.08 - SETUP
    🔴 SAT: NFLX - 156 adet @ $115.86 (P&L: $-1970.28 / -9.83%)
    🔴 SAT: META - 28 adet @ $748.89 (P&L: $1018.73 / 5.11%)
    🔴 SAT: NVDA - 128 adet @ $173.70 (P&L: $2108.23 / 10.48%)
    🔴 SAT: AMZN - 91 adet @ $214.75 (P&L: $-470.47 / -2.35%)
    🔴 SAT: MSFT - 41 adet @ $521.08 (P&L: $1346.15 / 6.72%)
    🟢 AL: META - 68 adet @ $748.89 (Maliyet: $50924.52)
    🟢 AL: GOOGL - 272 adet @ $188.84 (Maliyet: $51364.48)
  💼 Portföy Değeri: $102,825.80
  📈 Toplam Getiri: 2.83%

================================================================================
📆 Rebalancing #8 - September 2025
================================================================================

🔍 2025-09-02 tarihinde US piyasası taranıyor...
  📊 8 hisse test edilecek...
  ❌ AAPL: Kriterleri geçemedi
  ✅ MSFT: SETUP
  ✅ GOOGL: PIVOT_NEAR
  ✅ AMZN: SETUP
  ✅ NVDA: WATCHING
  ✅ META: WATCHING
  ✅ TSLA: WATCHING
  ✅ NFLX: SETUP
  📊 Toplam 7 hisse kriterleri sağladı
  📊 Tarama sonucu: 7 hisse bulundu
  ✅ Top 4 hisse seçildi:
    1. NFLX (US) - $122.62 - RS:100.00 - SETUP
    2. GOOGL (US) - $230.30 - RS:74.27 - PIVOT_NEAR
    3. AMZN (US) - $225.99 - RS:60.90 - SETUP
    4. MSFT (US) - $503.26 - RS:56.92 - SETUP
    🔴 SAT: META - 68 adet @ $734.02 (P&L: $-1011.47 / -1.99%)
    🔴 SAT: GOOGL - 272 adet @ $211.02 (P&L: $6033.81 / 11.75%)
    🟢 AL: NFLX - 219 adet @ $122.62 (Maliyet: $26853.78)
    🟢 AL: GOOGL - 117 adet @ $230.30 (Maliyet: $26945.10)
    🟢 AL: AMZN - 119 adet @ $225.99 (Maliyet: $26892.81)
    🟢 AL: MSFT - 53 adet @ $503.26 (Maliyet: $26672.78)
  💼 Portföy Değeri: $105,238.80
  📈 Toplam Getiri: 5.24%

================================================================================
📆 Rebalancing #9 - October 2025
================================================================================

🔍 2025-10-01 tarihinde US piyasası taranıyor...
  📊 8 hisse test edilecek...
  ✅ AAPL: PIVOT_NEAR
  ✅ MSFT: SETUP
  ✅ GOOGL: SETUP
  ✅ AMZN: WATCHING
  ✅ NVDA: SETUP
  ✅ META: WATCHING
  ✅ TSLA: WATCHING
  ✅ NFLX: WATCHING
  📊 Toplam 8 hisse kriterleri sağladı
  📊 Tarama sonucu: 8 hisse bulundu
  ✅ Top 4 hisse seçildi:
127.0.0.1 - - [20/Feb/2026 21:34:58] "POST /api/backtest HTTP/1.1" 200 -
$^GSPC: possibly delisted; no price data found  (1d 2025-09-01 00:00:00 -> 2025-09-02 00:00:00)

1 Failed download:
['^GSPC']: possibly delisted; no price data found  (1d 2025-09-01 00:00:00 -> 2025-09-02 00:00:00)
$^GSPC: possibly delisted; no price data found  (1d 2026-01-01 00:00:00 -> 2026-01-02 00:00:00)

1 Failed download:
['^GSPC']: possibly delisted; no price data found  (1d 2026-01-01 00:00:00 -> 2026-01-02 00:00:00)
$THYAO: possibly delisted; no timezone found

1 Failed download:
['THYAO']: possibly delisted; no timezone found
    1. NVDA (US) - $188.88 - RS:87.28 - SETUP
    2. GOOGL (US) - $245.53 - RS:75.63 - SETUP
    3. MSFT (US) - $513.60 - RS:55.00 - SETUP
    4. AAPL (US) - $256.64 - RS:47.08 - PIVOT_NEAR
    🔴 SAT: NFLX - 219 adet @ $117.09 (P&L: $-1211.07 / -4.51%)
    🔴 SAT: GOOGL - 117 adet @ $244.74 (P&L: $1689.47 / 6.27%)
    🔴 SAT: AMZN - 119 adet @ $220.63 (P&L: $-637.84 / -2.37%)
    🔴 SAT: MSFT - 53 adet @ $517.56 (P&L: $757.78 / 2.84%)
    🟢 AL: NVDA - 143 adet @ $188.88 (Maliyet: $27009.84)
    🟢 AL: GOOGL - 110 adet @ $245.53 (Maliyet: $27008.30)
    🟢 AL: MSFT - 52 adet @ $513.60 (Maliyet: $26707.20)
    🟢 AL: AAPL - 105 adet @ $256.64 (Maliyet: $26947.20)
  💼 Portföy Değeri: $108,153.85
  📈 Toplam Getiri: 8.15%

================================================================================
📆 Rebalancing #10 - November 2025
================================================================================

🔍 2025-11-03 tarihinde US piyasası taranıyor...
  📊 8 hisse test edilecek...
  ✅ AAPL: SETUP
  ✅ MSFT: WATCHING
  ✅ GOOGL: SETUP
  ❌ AMZN: Kriterleri geçemedi
  ✅ NVDA: WATCHING
  ❌ META: Kriterleri geçemedi
  ✅ TSLA: WATCHING
  ❌ NFLX: Kriterleri geçemedi
  📊 Toplam 5 hisse kriterleri sağladı
  📊 Tarama sonucu: 5 hisse bulundu
  ✅ Top 2 hisse seçildi:
    1. GOOGL (US) - $277.36 - RS:87.68 - SETUP
    2. AAPL (US) - $269.53 - RS:52.97 - SETUP
    🔴 SAT: NVDA - 143 adet @ $206.87 (P&L: $2572.35 / 9.52%)
    🔴 SAT: GOOGL - 110 adet @ $283.53 (P&L: $4180.50 / 15.48%)
    🔴 SAT: MSFT - 52 adet @ $514.89 (P&L: $67.02 / 0.25%)
    🔴 SAT: AAPL - 105 adet @ $268.54 (P&L: $1249.31 / 4.64%)
    🟢 AL: GOOGL - 210 adet @ $277.36 (Maliyet: $58245.60)
    🟢 AL: AAPL - 216 adet @ $269.53 (Maliyet: $58218.48)
  💼 Portföy Değeri: $117,598.54
  📈 Toplam Getiri: 17.60%

================================================================================
📆 Rebalancing #11 - December 2025
================================================================================

🔍 2025-12-01 tarihinde US piyasası taranıyor...
  📊 8 hisse test edilecek...
  ✅ AAPL: PIVOT_NEAR
  ❌ MSFT: Kriterleri geçemedi
  ✅ GOOGL: SETUP
  ✅ AMZN: WATCHING
  ✅ NVDA: WATCHING
  ❌ META: Kriterleri geçemedi
  ✅ TSLA: WATCHING
  ❌ NFLX: Kriterleri geçemedi
  📊 Toplam 5 hisse kriterleri sağladı
  📊 Tarama sonucu: 5 hisse bulundu
  ✅ Top 2 hisse seçildi:
    1. GOOGL (US) - $315.60 - RS:100.00 - SETUP
    2. AAPL (US) - $285.92 - RS:57.00 - PIVOT_NEAR
    🔴 SAT: GOOGL - 210 adet @ $314.68 (P&L: $7838.08 / 13.46%)
    🔴 SAT: AAPL - 216 adet @ $282.84 (P&L: $2873.96 / 4.94%)
    🟢 AL: GOOGL - 201 adet @ $315.60 (Maliyet: $63435.60)
    🟢 AL: AAPL - 222 adet @ $285.92 (Maliyet: $63474.24)
  💼 Portföy Değeri: $126,359.29
  📈 Toplam Getiri: 26.36%

================================================================================
📆 Rebalancing #12 - January 2026
================================================================================

🔍 2026-01-02 tarihinde US piyasası taranıyor...
  📊 8 hisse test edilecek...
  ✅ AAPL: SETUP
  ❌ MSFT: Kriterleri geçemedi
  ✅ GOOGL: SETUP
  ✅ AMZN: SETUP
  ✅ NVDA: SETUP
  ❌ META: Kriterleri geçemedi
  ✅ TSLA: WATCHING
  ❌ NFLX: Kriterleri geçemedi
  📊 Toplam 5 hisse kriterleri sağladı
  📊 Tarama sonucu: 5 hisse bulundu
  ✅ Top 4 hisse seçildi:
    1. GOOGL (US) - $315.15 - RS:93.33 - SETUP
    2. NVDA (US) - $188.85 - RS:70.63 - SETUP
    3. AAPL (US) - $270.76 - RS:43.23 - SETUP
    4. AMZN (US) - $226.50 - RS:38.54 - SETUP
    🔴 SAT: GOOGL - 201 adet @ $315.15 (P&L: $-90.45 / -0.14%)
    🔴 SAT: AAPL - 222 adet @ $270.76 (P&L: $-3366.26 / -5.30%)
    🟢 AL: GOOGL - 98 adet @ $315.15 (Maliyet: $30884.70)
    🟢 AL: NVDA - 163 adet @ $188.85 (Maliyet: $30782.55)
    🟢 AL: AAPL - 114 adet @ $270.76 (Maliyet: $30866.64)
    🟢 AL: AMZN - 136 adet @ $226.50 (Maliyet: $30804.00)
  💼 Portföy Değeri: $123,771.06
  📈 Toplam Getiri: 23.77%

================================================================================
📆 Rebalancing #13 - February 2026
================================================================================

🔍 2026-02-02 tarihinde US piyasası taranıyor...
  📊 8 hisse test edilecek...
  ✅ AAPL: PIVOT_NEAR
  ❌ MSFT: Kriterleri geçemedi
  ✅ GOOGL: SETUP
  ✅ AMZN: SETUP
  ❌ NVDA: Kriterleri geçemedi
  ❌ META: Kriterleri geçemedi
  ✅ TSLA: WATCHING
  ❌ NFLX: Kriterleri geçemedi
  📊 Toplam 4 hisse kriterleri sağladı
  📊 Tarama sonucu: 4 hisse bulundu
  ✅ Top 3 hisse seçildi:
    1. GOOGL (US) - $339.71 - RS:96.86 - SETUP
    2. AAPL (US) - $269.23 - RS:52.88 - PIVOT_NEAR
    3. AMZN (US) - $238.62 - RS:37.09 - SETUP
    🔴 SAT: GOOGL - 98 adet @ $343.69 (P&L: $2796.92 / 9.06%)
    🔴 SAT: NVDA - 163 adet @ $185.61 (P&L: $-528.12 / -1.72%)
    🔴 SAT: AAPL - 114 adet @ $269.76 (P&L: $-114.27 / -0.37%)
    🔴 SAT: AMZN - 136 adet @ $242.96 (P&L: $2238.56 / 7.27%)
    🟢 AL: GOOGL - 125 adet @ $339.71 (Maliyet: $42463.75)
    🟢 AL: AAPL - 158 adet @ $269.23 (Maliyet: $42538.34)
    🟢 AL: AMZN - 179 adet @ $238.62 (Maliyet: $42712.98)
  💼 Portföy Değeri: $129,522.25
  📈 Toplam Getiri: 29.52%

================================================================================
🏁 BACKTEST TAMAMLANDI - Final pozisyonlar kapatılıyor
================================================================================
    🔴 SAT: GOOGL - 125 adet @ $314.64 (P&L: $-3133.75 / -7.38%)
    🔴 SAT: AAPL - 158 adet @ $263.92 (P&L: $-839.41 / -1.97%)
    🔴 SAT: AMZN - 179 adet @ $209.72 (P&L: $-5173.10 / -12.11%)
  ⚠️ Yeni hisse bulunamadı, nakit durulacak.

================================================================================
📊 BACKTEST SONUÇLARI
================================================================================
💰 Başlangıç Sermayesi: $100,000.00
💵 Son Değer: $119,018.28
📈 Toplam Getiri: 19.02%
📉 Maksimum Drawdown: -11.04%
📊 Sharpe Ratio: 0.45

🎯 İşlem İstatistikleri:
  Toplam İşlem: 35
  Kazanan: 19 (54.3%)
  Kaybeden: 16
  Ortalama Kazanç: 7.48%
  Ortalama Kayıp: -5.85%
================================================================================

🔄 BIST hisseleri güncelleniyor...
⚠️ Otomatik çekme başarısız, genişletilmiş liste kullanılıyor...
✅ 474 BIST hissesi yüklendi!

================================================================================
🚀 MİNERVİNİ BACKTEST BAŞLATILIYOR
================================================================================
📅 Başlangıç: 2025-02-03
📅 Bitiş: 2026-02-20
💰 Başlangıç Sermayesi: $100,000.00
🌍 Market: BIST
================================================================================

📊 Toplam 13 aylık rebalancing yapılacak

================================================================================
📆 Rebalancing #1 - February 2025
================================================================================

🔍 2025-02-03 tarihinde BIST piyasası taranıyor...
  📊 5 hisse test edilecek...
  ✅ AKBNK.IS: WATCHING
  ✅ GARAN.IS: WATCHING
  ❌ ISCTR.IS: Kriterleri geçemedi
  ✅ THYAO.IS: SETUP
  ❌ TUPRS.IS: Kriterleri geçemedi
  📊 Toplam 3 hisse kriterleri sağladı
  📊 Tarama sonucu: 3 hisse bulundu
  ✅ Top 1 hisse seçildi:
    1. THYAO (BIST) - $296.48 - RS:-3.32 - SETUP
    🟢 AL: THYAO - 337 adet @ $296.48 (Maliyet: $99913.76)
  💼 Portföy Değeri: $86.24
  📈 Toplam Getiri: -99.91%

================================================================================
📆 Rebalancing #2 - March 2025
================================================================================

🔍 2025-03-03 tarihinde BIST piyasası taranıyor...
  📊 5 hisse test edilecek...
  ✅ AKBNK.IS: SETUP
  ✅ GARAN.IS: SETUP
  ✅ ISCTR.IS: SETUP
  ✅ THYAO.IS: SETUP
  ❌ TUPRS.IS: Kriterleri geçemedi
  📊 Toplam 4 hisse kriterleri sağladı
  📊 Tarama sonucu: 4 hisse bulundu$THYAO: possibly delisted; no timezone found

1 Failed download:
['THYAO']: possibly delisted; no timezone found
$AKBNK: possibly delisted; no timezone found

1 Failed download:
['AKBNK']: possibly delisted; no timezone found
$ISCTR: possibly delisted; no timezone found

1 Failed download:
['ISCTR']: possibly delisted; no timezone found
$GARAN: possibly delisted; no timezone found

1 Failed download:
['GARAN']: possibly delisted; no timezone found
$THYAO: possibly delisted; no timezone found

1 Failed download:
['THYAO']: possibly delisted; no timezone found
$AKBNK: possibly delisted; no timezone found

1 Failed download:
['AKBNK']: possibly delisted; no timezone found
$ISCTR: possibly delisted; no timezone found

1 Failed download:
['ISCTR']: possibly delisted; no timezone found
$GARAN: possibly delisted; no timezone found

1 Failed download:
['GARAN']: possibly delisted; no timezone found
$THYAO: possibly delisted; no timezone found

1 Failed download:
['THYAO']: possibly delisted; no timezone found
$AKBNK: possibly delisted; no timezone found

1 Failed download:
['AKBNK']: possibly delisted; no timezone found
$GARAN: possibly delisted; no timezone found

1 Failed download:
['GARAN']: possibly delisted; no timezone found
$AKBNK: possibly delisted; no timezone found

1 Failed download:
['AKBNK']: possibly delisted; no timezone found
$GARAN: possibly delisted; no timezone found

1 Failed download:
['GARAN']: possibly delisted; no timezone found
$ISCTR: possibly delisted; no timezone found

1 Failed download:
['ISCTR']: possibly delisted; no timezone found
$GARAN: possibly delisted; no timezone found

1 Failed download:
['GARAN']: possibly delisted; no timezone found
$TUPRS: possibly delisted; no timezone found

1 Failed download:
['TUPRS']: possibly delisted; no timezone found
$ISCTR: possibly delisted; no timezone found

1 Failed download:
['ISCTR']: possibly delisted; no timezone found
$GARAN: possibly delisted; no timezone found

1 Failed download:
['GARAN']: possibly delisted; no timezone found
$TUPRS: possibly delisted; no timezone found

1 Failed download:
['TUPRS']: possibly delisted; no timezone found
$TUPRS: possibly delisted; no timezone found

1 Failed download:
['TUPRS']: possibly delisted; no timezone found
$THYAO: possibly delisted; no timezone found

1 Failed download:
['THYAO']: possibly delisted; no timezone found
$TUPRS: possibly delisted; no timezone found

1 Failed download:
['TUPRS']: possibly delisted; no timezone found
$THYAO: possibly delisted; no timezone found

1 Failed download:
['THYAO']: possibly delisted; no timezone found
$TUPRS: possibly delisted; no timezone found

1 Failed download:
['TUPRS']: possibly delisted; no timezone found
$TUPRS: possibly delisted; no timezone found

1 Failed download:
['TUPRS']: possibly delisted; no timezone found
$GARAN: possibly delisted; no timezone found

1 Failed download:
['GARAN']: possibly delisted; no timezone found
$GARAN: possibly delisted; no timezone found

1 Failed download:
['GARAN']: possibly delisted; no timezone found

  ✅ Top 4 hisse seçildi:
    1. AKBNK (BIST) - $70.58 - RS:13.59 - SETUP
    2. ISCTR (BIST) - $15.63 - RS:13.57 - SETUP
    3. GARAN (BIST) - $132.79 - RS:10.57 - SETUP
    4. THYAO (BIST) - $309.92 - RS:7.97 - SETUP
    🔴 SAT: THYAO - 337 adet @ $296.48 (P&L: $0.00 / 0.00%)
    🟢 AL: AKBNK - 354 adet @ $70.58 (Maliyet: $24985.32)
    🟢 AL: ISCTR - 1599 adet @ $15.63 (Maliyet: $24992.37)
    🟢 AL: GARAN - 188 adet @ $132.79 (Maliyet: $24964.52)
    🟢 AL: THYAO - 80 adet @ $309.92 (Maliyet: $24793.60)
  💼 Portföy Değeri: $264.19
  📈 Toplam Getiri: -99.74%

================================================================================
📆 Rebalancing #3 - April 2025
================================================================================

🔍 2025-04-01 tarihinde BIST piyasası taranıyor...
  📊 5 hisse test edilecek...
  ❌ AKBNK.IS: Kriterleri geçemedi
  ❌ GARAN.IS: Kriterleri geçemedi
  ❌ ISCTR.IS: Kriterleri geçemedi
  ✅ THYAO.IS: WATCHING
  ❌ TUPRS.IS: Kriterleri geçemedi
  📊 Toplam 1 hisse kriterleri sağladı
  📊 Tarama sonucu: 1 hisse bulundu
  ⚠️ Hiç uygun hisse bulunamadı (BREAKOUT/PIVOT_NEAR/SETUP)!
    🔴 SAT: AKBNK - 354 adet @ $70.58 (P&L: $0.00 / 0.00%)
    🔴 SAT: ISCTR - 1599 adet @ $15.63 (P&L: $0.00 / 0.00%)
    🔴 SAT: GARAN - 188 adet @ $132.79 (P&L: $0.00 / 0.00%)
    🔴 SAT: THYAO - 80 adet @ $309.92 (P&L: $0.00 / 0.00%)
  ⚠️ Yeni hisse bulunamadı, nakit durulacak.
  💼 Portföy Değeri: $100,000.00
  📈 Toplam Getiri: 0.00%

================================================================================
📆 Rebalancing #4 - May 2025
================================================================================

🔍 2025-05-01 tarihinde BIST piyasası taranıyor...
  📊 5 hisse test edilecek...
  ❌ AKBNK.IS: Kriterleri geçemedi
  ❌ GARAN.IS: Kriterleri geçemedi
  ❌ ISCTR.IS: Kriterleri geçemedi
  ❌ THYAO.IS: Kriterleri geçemedi
  ❌ TUPRS.IS: Kriterleri geçemedi
  📊 Toplam 0 hisse kriterleri sağladı
  📊 Tarama sonucu: 0 hisse bulundu
  ⚠️ Hiç uygun hisse bulunamadı (BREAKOUT/PIVOT_NEAR/SETUP)!
  ⚠️ Yeni hisse bulunamadı, nakit durulacak.
  💼 Portföy Değeri: $100,000.00
  📈 Toplam Getiri: 0.00%

================================================================================
📆 Rebalancing #5 - June 2025
================================================================================

🔍 2025-06-02 tarihinde BIST piyasası taranıyor...
  📊 5 hisse test edilecek...
  ❌ AKBNK.IS: Kriterleri geçemedi
  ❌ GARAN.IS: Kriterleri geçemedi
  ❌ ISCTR.IS: Kriterleri geçemedi
  ❌ THYAO.IS: Kriterleri geçemedi
  ❌ TUPRS.IS: Kriterleri geçemedi
  📊 Toplam 0 hisse kriterleri sağladı
  📊 Tarama sonucu: 0 hisse bulundu
  ⚠️ Hiç uygun hisse bulunamadı (BREAKOUT/PIVOT_NEAR/SETUP)!
  ⚠️ Yeni hisse bulunamadı, nakit durulacak.
  💼 Portföy Değeri: $100,000.00
  📈 Toplam Getiri: 0.00%

================================================================================
📆 Rebalancing #6 - July 2025
================================================================================

🔍 2025-07-01 tarihinde BIST piyasası taranıyor...
  📊 5 hisse test edilecek...
  ✅ AKBNK.IS: SETUP
  ✅ GARAN.IS: PIVOT_NEAR
  ❌ ISCTR.IS: Kriterleri geçemedi
  ❌ THYAO.IS: Kriterleri geçemedi
  ❌ TUPRS.IS: Kriterleri geçemedi
  📊 Toplam 2 hisse kriterleri sağladı
  📊 Tarama sonucu: 2 hisse bulundu
  ✅ Top 2 hisse seçildi:
    1. AKBNK (BIST) - $69.15 - RS:24.97 - SETUP
    2. GARAN (BIST) - $138.90 - RS:11.01 - PIVOT_NEAR
    🟢 AL: AKBNK - 723 adet @ $69.15 (Maliyet: $49995.45)
    🟢 AL: GARAN - 359 adet @ $138.90 (Maliyet: $49865.10)
  💼 Portföy Değeri: $139.45
  📈 Toplam Getiri: -99.86%

================================================================================
📆 Rebalancing #7 - August 2025
================================================================================

🔍 2025-08-01 tarihinde BIST piyasası taranıyor...
  📊 5 hisse test edilecek...
  ✅ AKBNK.IS: WATCHING
  ✅ GARAN.IS: PIVOT_NEAR
  ✅ ISCTR.IS: SETUP
  ❌ THYAO.IS: Kriterleri geçemedi
  ✅ TUPRS.IS: SETUP
  📊 Toplam 4 hisse kriterleri sağladı
  📊 Tarama sonucu: 4 hisse bulundu
  ✅ Top 3 hisse seçildi:
    1. ISCTR (BIST) - $14.93 - RS:26.57 - SETUP
    2. GARAN (BIST) - $145.50 - RS:23.29 - PIVOT_NEAR
    3. TUPRS (BIST) - $159.53 - RS:14.66 - SETUP
    🔴 SAT: AKBNK - 723 adet @ $69.15 (P&L: $0.00 / 0.00%)
    🔴 SAT: GARAN - 359 adet @ $138.90 (P&L: $0.00 / 0.00%)
    🟢 AL: ISCTR - 2232 adet @ $14.93 (Maliyet: $33323.76)
    🟢 AL: GARAN - 229 adet @ $145.50 (Maliyet: $33319.50)
    🟢 AL: TUPRS - 208 adet @ $159.53 (Maliyet: $33182.24)
  💼 Portföy Değeri: $174.50
  📈 Toplam Getiri: -99.83%

================================================================================
📆 Rebalancing #8 - September 2025
================================================================================

🔍 2025-09-02 tarihinde BIST piyasası taranıyor...
  📊 5 hisse test edilecek...
  ❌ AKBNK.IS: Kriterleri geçemedi
  ✅ GARAN.IS: WATCHING
  ❌ ISCTR.IS: Kriterleri geçemedi
  ✅ THYAO.IS: SETUP
  ✅ TUPRS.IS: SETUP
  📊 Toplam 3 hisse kriterleri sağladı
  📊 Tarama sonucu: 3 hisse bulundu
  ✅ Top 2 hisse seçildi:
    1. TUPRS (BIST) - $164.34 - RS:15.17 - SETUP
    2. THYAO (BIST) - $329.25 - RS:4.11 - SETUP
    🔴 SAT: ISCTR - 2232 adet @ $14.93 (P&L: $0.00 / 0.00%)
    🔴 SAT: GARAN - 229 adet @ $145.50 (P&L: $0.00 / 0.00%)
    🔴 SAT: TUPRS - 208 adet @ $159.53 (P&L: $0.00 / 0.00%)
    🟢 AL: TUPRS - 304 adet @ $164.34 (Maliyet: $49959.36)
    🟢 AL: THYAO - 151 adet @ $329.25 (Maliyet: $49716.75)
  💼 Portföy Değeri: $323.89
  📈 Toplam Getiri: -99.68%

================================================================================
📆 Rebalancing #9 - October 2025
================================================================================

🔍 2025-10-01 tarihinde BIST piyasası taranıyor...
  📊 5 hisse test edilecek...
  ✅ AKBNK.IS: WATCHING
  ✅ GARAN.IS: WATCHING
  ✅ ISCTR.IS: WATCHING
  ✅ THYAO.IS: WATCHING
  ✅ TUPRS.IS: SETUP
  📊 Toplam 5 hisse kriterleri sağladı
  📊 Tarama sonucu: 5 hisse bulundu
  ✅ Top 1 hisse seçildi:
    1. TUPRS (BIST) - $191.00 - RS:26.21 - SETUP
    🔴 SAT: TUPRS - 304 adet @ $164.34 (P&L: $0.00 / 0.00%)
    🔴 SAT: THYAO - 151 adet @ $329.25 (P&L: $0.00 / 0.00%)
    🟢 AL: TUPRS - 523 adet @ $191.00 (Maliyet: $99893.00)
  💼 Portföy Değeri: $107.00
  📈 Toplam Getiri: -99.89%

================================================================================
📆 Rebalancing #10 - November 2025
================================================================================

🔍 2025-11-03 tarihinde BIST piyasası taranıyor...
  📊 5 hisse test edilecek...
  ❌ AKBNK.IS: Kriterleri geçemedi
  ✅ GARAN.IS: SETUP
  ❌ ISCTR.IS: Kriterleri geçemedi
  ❌ THYAO.IS: Kriterleri geçemedi
  ✅ TUPRS.IS: WATCHING
  📊 Toplam 2 hisse kriterleri sağladı
  📊 Tarama sonucu: 2 hisse bulundu
  ✅ Top 1 hisse seçildi:
    1. GARAN (BIST) - $134.20 - RS:-9.19 - SETUP
    🔴 SAT: TUPRS - 523 adet @ $191.00 (P&L: $0.00 / 0.00%)
    🟢 AL: GARAN - 745 adet @ $134.20 (Maliyet: $99979.00)
  💼 Portföy Değeri: $21.00
  📈 Toplam Getiri: -99.98%

================================================================================
📆 Rebalancing #11 - December 2025
================================================================================

🔍 2025-12-01 tarihinde BIST piyasası taranıyor...
  📊 5 hisse test edilecek...
  ❌ AKBNK.IS: Kriterleri geçemedi
  ✅ GARAN.IS: SETUP
  ❌ ISCTR.IS: Kriterleri geçemedi
  ❌ THYAO.IS: Kriterleri geçemedi
  ✅ TUPRS.IS: WATCHING
  📊 Toplam 2 hisse kriterleri sağladı
  📊 Tarama sonucu: 2 hisse bulundu
  ✅ Top 1 hisse seçildi:
    1. GARAN (BIST) - $142.00 - RS:-0.12 - SETUP
    🔴 SAT: GARAN - 745 adet @ $134.20 (P&L: $0.00 / 0.00%)
$GARAN: possibly delisted; no timezone found

1 Failed download:
['GARAN']: possibly delisted; no timezone found
$GARAN: possibly delisted; no timezone found

1 Failed download:
['GARAN']: possibly delisted; no timezone found
$AKBNK: possibly delisted; no timezone found

1 Failed download:
['AKBNK']: possibly delisted; no timezone found
$GARAN: possibly delisted; no timezone found

1 Failed download:
['GARAN']: possibly delisted; no timezone found
$AKBNK: possibly delisted; no timezone found

1 Failed download:
['AKBNK']: possibly delisted; no timezone found
$GARAN: possibly delisted; no timezone found

1 Failed download:
['GARAN']: possibly delisted; no timezone found
$ISCTR: possibly delisted; no timezone found

1 Failed download:
['ISCTR']: possibly delisted; no timezone found
$GARAN: possibly delisted; no timezone found

1 Failed download:
['GARAN']: possibly delisted; no timezone found
$ISCTR: possibly delisted; no timezone found

1 Failed download:
['ISCTR']: possibly delisted; no timezone found
$GARAN: possibly delisted; no timezone found

1 Failed download:
['GARAN']: possibly delisted; no timezone found
127.0.0.1 - - [20/Feb/2026 21:36:43] "POST /api/backtest HTTP/1.1" 200 -
 * Detected change in '/Users/hakanficicilar/Documents/Aİ/MARK MİNERVİNİ/backtest_engine.py', reloading
    🟢 AL: GARAN - 704 adet @ $142.00 (Maliyet: $99968.00)
  💼 Portföy Değeri: $32.00
  📈 Toplam Getiri: -99.97%

================================================================================
📆 Rebalancing #12 - January 2026
================================================================================

🔍 2026-01-02 tarihinde BIST piyasası taranıyor...
  📊 5 hisse test edilecek...
  ✅ AKBNK.IS: PIVOT_NEAR
  ✅ GARAN.IS: PIVOT_NEAR
  ❌ ISCTR.IS: Kriterleri geçemedi
  ❌ THYAO.IS: Kriterleri geçemedi
  ✅ TUPRS.IS: WATCHING
  📊 Toplam 3 hisse kriterleri sağladı
  📊 Tarama sonucu: 3 hisse bulundu
  ✅ Top 2 hisse seçildi:
    1. AKBNK (BIST) - $73.50 - RS:19.86 - PIVOT_NEAR
    2. GARAN (BIST) - $149.70 - RS:6.66 - PIVOT_NEAR
    🔴 SAT: GARAN - 704 adet @ $142.00 (P&L: $0.00 / 0.00%)
    🟢 AL: AKBNK - 680 adet @ $73.50 (Maliyet: $49980.00)
    🟢 AL: GARAN - 334 adet @ $149.70 (Maliyet: $49999.80)
  💼 Portföy Değeri: $20.20
  📈 Toplam Getiri: -99.98%

================================================================================
📆 Rebalancing #13 - February 2026
================================================================================

🔍 2026-02-02 tarihinde BIST piyasası taranıyor...
  📊 5 hisse test edilecek...
  ✅ AKBNK.IS: WATCHING
  ✅ GARAN.IS: PIVOT_NEAR
  ✅ ISCTR.IS: PIVOT_NEAR
  ❌ THYAO.IS: Kriterleri geçemedi
  ✅ TUPRS.IS: WATCHING
  📊 Toplam 4 hisse kriterleri sağladı
  📊 Tarama sonucu: 4 hisse bulundu
  ✅ Top 2 hisse seçildi:
    1. ISCTR (BIST) - $17.46 - RS:5.29 - PIVOT_NEAR
    2. GARAN (BIST) - $165.00 - RS:-5.69 - PIVOT_NEAR
    🔴 SAT: AKBNK - 680 adet @ $73.50 (P&L: $0.00 / 0.00%)
    🔴 SAT: GARAN - 334 adet @ $149.70 (P&L: $0.00 / 0.00%)
    🟢 AL: ISCTR - 2863 adet @ $17.46 (Maliyet: $49987.98)
    🟢 AL: GARAN - 303 adet @ $165.00 (Maliyet: $49995.00)
  💼 Portföy Değeri: $17.02
  📈 Toplam Getiri: -99.98%

================================================================================
🏁 BACKTEST TAMAMLANDI - Final pozisyonlar kapatılıyor
================================================================================
    🔴 SAT: ISCTR - 2863 adet @ $17.46 (P&L: $0.00 / 0.00%)
    🔴 SAT: GARAN - 303 adet @ $165.00 (P&L: $0.00 / 0.00%)
  ⚠️ Yeni hisse bulunamadı, nakit durulacak.

================================================================================
📊 BACKTEST SONUÇLARI
================================================================================
💰 Başlangıç Sermayesi: $100,000.00
💵 Son Değer: $100,000.00
📈 Toplam Getiri: 0.00%
📉 Maksimum Drawdown: -99.98%
📊 Sharpe Ratio: -1.52

🎯 İşlem İstatistikleri:
  Toplam İşlem: 19
  Kazanan: 0 (0.0%)
  Kaybeden: 19
  Ortalama Kazanç: 0.00%
  Ortalama Kayıp: 0.00%
================================================================================

 * Restarting with stat
/Users/hakanficicilar/Library/Python/3.9/lib/python/site-packages/urllib3/__init__.py:35: NotOpenSSLWarning: urllib3 v2 only supports OpenSSL 1.1.1+, currently the 'ssl' module is compiled with 'LibreSSL 2.8.3'. See: https://github.com/urllib3/urllib3/issues/3020
  warnings.warn(
 * Debugger is active!
 * Debugger PIN: 440-621-526
 * Detected change in '/Users/hakanficicilar/Documents/Aİ/MARK MİNERVİNİ/backtest_engine.py', reloading
================================================================================
🚀 MARK MINERVINI TRADING PLATFORM
================================================================================

✅ Server başlatılıyor...
📡 URL: http://localhost:5555
📊 Dashboard: http://localhost:5555
🔍 Scanner: http://localhost:5555/scanner
💼 Portfolio: http://localhost:5555/portfolio

⚠️  Durdurmak için Ctrl+C

 * Restarting with stat
/Users/hakanficicilar/Library/Python/3.9/lib/python/site-packages/urllib3/__init__.py:35: NotOpenSSLWarning: urllib3 v2 only supports OpenSSL 1.1.1+, currently the 'ssl' module is compiled with 'LibreSSL 2.8.3'. See: https://github.com/urllib3/urllib3/issues/3020
  warnings.warn(
 * Debugger is active!
 * Debugger PIN: 440-621-526
 * Detected change in '/Users/hakanficicilar/Documents/Aİ/MARK MİNERVİNİ/backtest_engine.py', reloading
================================================================================
🚀 MARK MINERVINI TRADING PLATFORM
================================================================================

✅ Server başlatılıyor...
📡 URL: http://localhost:5555
📊 Dashboard: http://localhost:5555
🔍 Scanner: http://localhost:5555/scanner
💼 Portfolio: http://localhost:5555/portfolio

⚠️  Durdurmak için Ctrl+C

 * Restarting with stat
/Users/hakanficicilar/Library/Python/3.9/lib/python/site-packages/urllib3/__init__.py:35: NotOpenSSLWarning: urllib3 v2 only supports OpenSSL 1.1.1+, currently the 'ssl' module is compiled with 'LibreSSL 2.8.3'. See: https://github.com/urllib3/urllib3/issues/3020
  warnings.warn(
 * Debugger is active!
 * Debugger PIN: 440-621-526
 * Detected change in '/Users/hakanficicilar/Documents/Aİ/MARK MİNERVİNİ/backtest_engine.py', reloading
================================================================================
🚀 MARK MINERVINI TRADING PLATFORM
================================================================================

✅ Server başlatılıyor...
📡 URL: http://localhost:5555
📊 Dashboard: http://localhost:5555
🔍 Scanner: http://localhost:5555/scanner
💼 Portfolio: http://localhost:5555/portfolio

⚠️  Durdurmak için Ctrl+C

 * Restarting with stat
/Users/hakanficicilar/Library/Python/3.9/lib/python/site-packages/urllib3/__init__.py:35: NotOpenSSLWarning: urllib3 v2 only supports OpenSSL 1.1.1+, currently the 'ssl' module is compiled with 'LibreSSL 2.8.3'. See: https://github.com/urllib3/urllib3/issues/3020
  warnings.warn(
 * Debugger is active!
 * Debugger PIN: 440-621-526
 * Detected change in '/Users/hakanficicilar/Documents/Aİ/MARK MİNERVİNİ/app.py', reloading
================================================================================
🚀 MARK MINERVINI TRADING PLATFORM
================================================================================

✅ Server başlatılıyor...
📡 URL: http://localhost:5555
📊 Dashboard: http://localhost:5555
🔍 Scanner: http://localhost:5555/scanner
💼 Portfolio: http://localhost:5555/portfolio

⚠️  Durdurmak için Ctrl+C

 * Restarting with stat
/Users/hakanficicilar/Library/Python/3.9/lib/python/site-packages/urllib3/__init__.py:35: NotOpenSSLWarning: urllib3 v2 only supports OpenSSL 1.1.1+, currently the 'ssl' module is compiled with 'LibreSSL 2.8.3'. See: https://github.com/urllib3/urllib3/issues/3020
  warnings.warn(
 * Debugger is active!
 * Debugger PIN: 440-621-526
 * Detected change in '/Users/hakanficicilar/Documents/Aİ/MARK MİNERVİNİ/backtest_engine.py', reloading
================================================================================
🚀 MARK MINERVINI TRADING PLATFORM
================================================================================

✅ Server başlatılıyor...
📡 URL: http://localhost:5555
📊 Dashboard: http://localhost:5555
🔍 Scanner: http://localhost:5555/scanner
💼 Portfolio: http://localhost:5555/portfolio

⚠️  Durdurmak için Ctrl+C

 * Restarting with stat
/Users/hakanficicilar/Library/Python/3.9/lib/python/site-packages/urllib3/__init__.py:35: NotOpenSSLWarning: urllib3 v2 only supports OpenSSL 1.1.1+, currently the 'ssl' module is compiled with 'LibreSSL 2.8.3'. See: https://github.com/urllib3/urllib3/issues/3020
  warnings.warn(
 * Debugger is active!
 * Debugger PIN: 440-621-526
 * Detected change in '/Users/hakanficicilar/Documents/Aİ/MARK MİNERVİNİ/backtest_engine.py', reloading
================================================================================
🚀 MARK MINERVINI TRADING PLATFORM
================================================================================

✅ Server başlatılıyor...
📡 URL: http://localhost:5555
📊 Dashboard: http://localhost:5555
🔍 Scanner: http://localhost:5555/scanner
💼 Portfolio: http://localhost:5555/portfolio

⚠️  Durdurmak için Ctrl+C

 * Restarting with stat
/Users/hakanficicilar/Library/Python/3.9/lib/python/site-packages/urllib3/__init__.py:35: NotOpenSSLWarning: urllib3 v2 only supports OpenSSL 1.1.1+, currently the 'ssl' module is compiled with 'LibreSSL 2.8.3'. See: https://github.com/urllib3/urllib3/issues/3020
  warnings.warn(
 * Debugger is active!
 * Debugger PIN: 440-621-526
 * Detected change in '/Users/hakanficicilar/Documents/Aİ/MARK MİNERVİNİ/backtest_engine.py', reloading
================================================================================
🚀 MARK MINERVINI TRADING PLATFORM
================================================================================

✅ Server başlatılıyor...
📡 URL: http://localhost:5555
📊 Dashboard: http://localhost:5555
🔍 Scanner: http://localhost:5555/scanner
💼 Portfolio: http://localhost:5555/portfolio

⚠️  Durdurmak için Ctrl+C

 * Restarting with stat
/Users/hakanficicilar/Library/Python/3.9/lib/python/site-packages/urllib3/__init__.py:35: NotOpenSSLWarning: urllib3 v2 only supports OpenSSL 1.1.1+, currently the 'ssl' module is compiled with 'LibreSSL 2.8.3'. See: https://github.com/urllib3/urllib3/issues/3020
  warnings.warn(
 * Debugger is active!
 * Debugger PIN: 440-621-526
 * Detected change in '/Users/hakanficicilar/Documents/Aİ/MARK MİNERVİNİ/backtest_engine.py', reloading
================================================================================
🚀 MARK MINERVINI TRADING PLATFORM
================================================================================

✅ Server başlatılıyor...
📡 URL: http://localhost:5555
📊 Dashboard: http://localhost:5555
🔍 Scanner: http://localhost:5555/scanner
💼 Portfolio: http://localhost:5555/portfolio

⚠️  Durdurmak için Ctrl+C

 * Restarting with stat
/Users/hakanficicilar/Library/Python/3.9/lib/python/site-packages/urllib3/__init__.py:35: NotOpenSSLWarning: urllib3 v2 only supports OpenSSL 1.1.1+, currently the 'ssl' module is compiled with 'LibreSSL 2.8.3'. See: https://github.com/urllib3/urllib3/issues/3020
  warnings.warn(
 * Debugger is active!
 * Debugger PIN: 440-621-526
 * Detected change in '/Users/hakanficicilar/Documents/Aİ/MARK MİNERVİNİ/backtest_engine.py', reloading
================================================================================
🚀 MARK MINERVINI TRADING PLATFORM
================================================================================

✅ Server başlatılıyor...
📡 URL: http://localhost:5555
📊 Dashboard: http://localhost:5555
🔍 Scanner: http://localhost:5555/scanner
💼 Portfolio: http://localhost:5555/portfolio

⚠️  Durdurmak için Ctrl+C

 * Restarting with stat
/Users/hakanficicilar/Library/Python/3.9/lib/python/site-packages/urllib3/__init__.py:35: NotOpenSSLWarning: urllib3 v2 only supports OpenSSL 1.1.1+, currently the 'ssl' module is compiled with 'LibreSSL 2.8.3'. See: https://github.com/urllib3/urllib3/issues/3020
  warnings.warn(
 * Debugger is active!
 * Debugger PIN: 440-621-526
 * Detected change in '/Users/hakanficicilar/Documents/Aİ/MARK MİNERVİNİ/backtest_engine.py', reloading
================================================================================
🚀 MARK MINERVINI TRADING PLATFORM
================================================================================

✅ Server başlatılıyor...
📡 URL: http://localhost:5555
📊 Dashboard: http://localhost:5555
🔍 Scanner: http://localhost:5555/scanner
💼 Portfolio: http://localhost:5555/portfolio

⚠️  Durdurmak için Ctrl+C

 * Restarting with stat
/Users/hakanficicilar/Library/Python/3.9/lib/python/site-packages/urllib3/__init__.py:35: NotOpenSSLWarning: urllib3 v2 only supports OpenSSL 1.1.1+, currently the 'ssl' module is compiled with 'LibreSSL 2.8.3'. See: https://github.com/urllib3/urllib3/issues/3020
  warnings.warn(
 * Debugger is active!
 * Debugger PIN: 440-621-526
 * Detected change in '/Users/hakanficicilar/Documents/Aİ/MARK MİNERVİNİ/backtest_engine.py', reloading
================================================================================
🚀 MARK MINERVINI TRADING PLATFORM
================================================================================

✅ Server başlatılıyor...
📡 URL: http://localhost:5555
📊 Dashboard: http://localhost:5555
🔍 Scanner: http://localhost:5555/scanner
💼 Portfolio: http://localhost:5555/portfolio

⚠️  Durdurmak için Ctrl+C

 * Restarting with stat
/Users/hakanficicilar/Library/Python/3.9/lib/python/site-packages/urllib3/__init__.py:35: NotOpenSSLWarning: urllib3 v2 only supports OpenSSL 1.1.1+, currently the 'ssl' module is compiled with 'LibreSSL 2.8.3'. See: https://github.com/urllib3/urllib3/issues/3020
  warnings.warn(
 * Debugger is active!
 * Debugger PIN: 440-621-526
 * Detected change in '/Users/hakanficicilar/Documents/Aİ/MARK MİNERVİNİ/backtest_engine.py', reloading
================================================================================
🚀 MARK MINERVINI TRADING PLATFORM
================================================================================

✅ Server başlatılıyor...
📡 URL: http://localhost:5555
📊 Dashboard: http://localhost:5555
🔍 Scanner: http://localhost:5555/scanner
💼 Portfolio: http://localhost:5555/portfolio

⚠️  Durdurmak için Ctrl+C

 * Restarting with stat
/Users/hakanficicilar/Library/Python/3.9/lib/python/site-packages/urllib3/__init__.py:35: NotOpenSSLWarning: urllib3 v2 only supports OpenSSL 1.1.1+, currently the 'ssl' module is compiled with 'LibreSSL 2.8.3'. See: https://github.com/urllib3/urllib3/issues/3020
  warnings.warn(
 * Debugger is active!
 * Debugger PIN: 440-621-526
 * Detected change in '/Users/hakanficicilar/Documents/Aİ/MARK MİNERVİNİ/app.py', reloading
================================================================================
🚀 MARK MINERVINI TRADING PLATFORM
================================================================================

✅ Server başlatılıyor...
📡 URL: http://localhost:5555
📊 Dashboard: http://localhost:5555
🔍 Scanner: http://localhost:5555/scanner
💼 Portfolio: http://localhost:5555/portfolio

⚠️  Durdurmak için Ctrl+C

 * Restarting with stat
/Users/hakanficicilar/Library/Python/3.9/lib/python/site-packages/urllib3/__init__.py:35: NotOpenSSLWarning: urllib3 v2 only supports OpenSSL 1.1.1+, currently the 'ssl' module is compiled with 'LibreSSL 2.8.3'. See: https://github.com/urllib3/urllib3/issues/3020
  warnings.warn(
 * Debugger is active!
 * Debugger PIN: 440-621-526
 * Detected change in '/Users/hakanficicilar/Documents/Aİ/MARK MİNERVİNİ/backtest_engine.py', reloading
================================================================================
🚀 MARK MINERVINI TRADING PLATFORM
================================================================================

✅ Server başlatılıyor...
📡 URL: http://localhost:5555
📊 Dashboard: http://localhost:5555
🔍 Scanner: http://localhost:5555/scanner
💼 Portfolio: http://localhost:5555/portfolio

⚠️  Durdurmak için Ctrl+C

 * Restarting with stat
/Users/hakanficicilar/Library/Python/3.9/lib/python/site-packages/urllib3/__init__.py:35: NotOpenSSLWarning: urllib3 v2 only supports OpenSSL 1.1.1+, currently the 'ssl' module is compiled with 'LibreSSL 2.8.3'. See: https://github.com/urllib3/urllib3/issues/3020
  warnings.warn(
 * Debugger is active!
 * Debugger PIN: 440-621-526
 * Detected change in '/Users/hakanficicilar/Documents/Aİ/MARK MİNERVİNİ/backtest_engine.py', reloading
================================================================================
🚀 MARK MINERVINI TRADING PLATFORM
================================================================================

✅ Server başlatılıyor...
📡 URL: http://localhost:5555
📊 Dashboard: http://localhost:5555
🔍 Scanner: http://localhost:5555/scanner
💼 Portfolio: http://localhost:5555/portfolio

⚠️  Durdurmak için Ctrl+C

 * Restarting with stat
/Users/hakanficicilar/Library/Python/3.9/lib/python/site-packages/urllib3/__init__.py:35: NotOpenSSLWarning: urllib3 v2 only supports OpenSSL 1.1.1+, currently the 'ssl' module is compiled with 'LibreSSL 2.8.3'. See: https://github.com/urllib3/urllib3/issues/3020
  warnings.warn(
 * Debugger is active!
 * Debugger PIN: 440-621-526
 * Detected change in '/Users/hakanficicilar/Documents/Aİ/MARK MİNERVİNİ/backtest_engine.py', reloading
================================================================================
🚀 MARK MINERVINI TRADING PLATFORM
================================================================================

✅ Server başlatılıyor...
📡 URL: http://localhost:5555
📊 Dashboard: http://localhost:5555
🔍 Scanner: http://localhost:5555/scanner
💼 Portfolio: http://localhost:5555/portfolio

⚠️  Durdurmak için Ctrl+C

 * Restarting with stat
/Users/hakanficicilar/Library/Python/3.9/lib/python/site-packages/urllib3/__init__.py:35: NotOpenSSLWarning: urllib3 v2 only supports OpenSSL 1.1.1+, currently the 'ssl' module is compiled with 'LibreSSL 2.8.3'. See: https://github.com/urllib3/urllib3/issues/3020
  warnings.warn(
 * Debugger is active!
 * Debugger PIN: 440-621-526
 * Detected change in '/Users/hakanficicilar/Documents/Aİ/MARK MİNERVİNİ/backtest_engine.py', reloading
================================================================================
🚀 MARK MINERVINI TRADING PLATFORM
================================================================================

✅ Server başlatılıyor...
📡 URL: http://localhost:5555
📊 Dashboard: http://localhost:5555
🔍 Scanner: http://localhost:5555/scanner
💼 Portfolio: http://localhost:5555/portfolio

⚠️  Durdurmak için Ctrl+C

 * Restarting with stat
/Users/hakanficicilar/Library/Python/3.9/lib/python/site-packages/urllib3/__init__.py:35: NotOpenSSLWarning: urllib3 v2 only supports OpenSSL 1.1.1+, currently the 'ssl' module is compiled with 'LibreSSL 2.8.3'. See: https://github.com/urllib3/urllib3/issues/3020
  warnings.warn(
 * Debugger is active!
 * Debugger PIN: 440-621-526
 * Detected change in '/Users/hakanficicilar/Documents/Aİ/MARK MİNERVİNİ/universal_scanner.py', reloading
================================================================================
🚀 MARK MINERVINI TRADING PLATFORM
================================================================================

✅ Server başlatılıyor...
📡 URL: http://localhost:5555
📊 Dashboard: http://localhost:5555
🔍 Scanner: http://localhost:5555/scanner
💼 Portfolio: http://localhost:5555/portfolio

⚠️  Durdurmak için Ctrl+C

 * Restarting with stat
/Users/hakanficicilar/Library/Python/3.9/lib/python/site-packages/urllib3/__init__.py:35: NotOpenSSLWarning: urllib3 v2 only supports OpenSSL 1.1.1+, currently the 'ssl' module is compiled with 'LibreSSL 2.8.3'. See: https://github.com/urllib3/urllib3/issues/3020
  warnings.warn(
 * Debugger is active!
 * Debugger PIN: 440-621-526
 * Detected change in '/Users/hakanficicilar/Documents/Aİ/MARK MİNERVİNİ/universal_scanner.py', reloading
================================================================================
🚀 MARK MINERVINI TRADING PLATFORM
================================================================================

✅ Server başlatılıyor...
📡 URL: http://localhost:5555
📊 Dashboard: http://localhost:5555
🔍 Scanner: http://localhost:5555/scanner
💼 Portfolio: http://localhost:5555/portfolio

⚠️  Durdurmak için Ctrl+C

 * Restarting with stat
/Users/hakanficicilar/Library/Python/3.9/lib/python/site-packages/urllib3/__init__.py:35: NotOpenSSLWarning: urllib3 v2 only supports OpenSSL 1.1.1+, currently the 'ssl' module is compiled with 'LibreSSL 2.8.3'. See: https://github.com/urllib3/urllib3/issues/3020
  warnings.warn(
 * Debugger is active!
 * Debugger PIN: 440-621-526
 * Detected change in '/Users/hakanficicilar/Documents/Aİ/MARK MİNERVİNİ/universal_scanner.py', reloading
================================================================================
🚀 MARK MINERVINI TRADING PLATFORM
================================================================================

✅ Server başlatılıyor...
📡 URL: http://localhost:5555
📊 Dashboard: http://localhost:5555
🔍 Scanner: http://localhost:5555/scanner
💼 Portfolio: http://localhost:5555/portfolio

⚠️  Durdurmak için Ctrl+C

 * Restarting with stat
/Users/hakanficicilar/Library/Python/3.9/lib/python/site-packages/urllib3/__init__.py:35: NotOpenSSLWarning: urllib3 v2 only supports OpenSSL 1.1.1+, currently the 'ssl' module is compiled with 'LibreSSL 2.8.3'. See: https://github.com/urllib3/urllib3/issues/3020
  warnings.warn(
 * Debugger is active!
 * Debugger PIN: 440-621-526
 * Detected change in '/Users/hakanficicilar/Documents/Aİ/MARK MİNERVİNİ/app.py', reloading
================================================================================
🚀 MARK MINERVINI TRADING PLATFORM
================================================================================

✅ Server başlatılıyor...
📡 URL: http://localhost:5555
📊 Dashboard: http://localhost:5555
🔍 Scanner: http://localhost:5555/scanner
💼 Portfolio: http://localhost:5555/portfolio

⚠️  Durdurmak için Ctrl+C

 * Restarting with stat
/Users/hakanficicilar/Library/Python/3.9/lib/python/site-packages/urllib3/__init__.py:35: NotOpenSSLWarning: urllib3 v2 only supports OpenSSL 1.1.1+, currently the 'ssl' module is compiled with 'LibreSSL 2.8.3'. See: https://github.com/urllib3/urllib3/issues/3020
  warnings.warn(
 * Debugger is active!
 * Debugger PIN: 440-621-526
 * Detected change in '/Users/hakanficicilar/Documents/Aİ/MARK MİNERVİNİ/universal_scanner.py', reloading
================================================================================
🚀 MARK MINERVINI TRADING PLATFORM
================================================================================

✅ Server başlatılıyor...
📡 URL: http://localhost:5555
📊 Dashboard: http://localhost:5555
🔍 Scanner: http://localhost:5555/scanner
💼 Portfolio: http://localhost:5555/portfolio

⚠️  Durdurmak için Ctrl+C

 * Restarting with stat
/Users/hakanficicilar/Library/Python/3.9/lib/python/site-packages/urllib3/__init__.py:35: NotOpenSSLWarning: urllib3 v2 only supports OpenSSL 1.1.1+, currently the 'ssl' module is compiled with 'LibreSSL 2.8.3'. See: https://github.com/urllib3/urllib3/issues/3020
  warnings.warn(
 * Debugger is active!
 * Debugger PIN: 440-621-526
 * Detected change in '/Users/hakanficicilar/Documents/Aİ/MARK MİNERVİNİ/universal_scanner.py', reloading
================================================================================
🚀 MARK MINERVINI TRADING PLATFORM
================================================================================

✅ Server başlatılıyor...
📡 URL: http://localhost:5555
📊 Dashboard: http://localhost:5555
🔍 Scanner: http://localhost:5555/scanner
💼 Portfolio: http://localhost:5555/portfolio

⚠️  Durdurmak için Ctrl+C

 * Restarting with stat
/Users/hakanficicilar/Library/Python/3.9/lib/python/site-packages/urllib3/__init__.py:35: NotOpenSSLWarning: urllib3 v2 only supports OpenSSL 1.1.1+, currently the 'ssl' module is compiled with 'LibreSSL 2.8.3'. See: https://github.com/urllib3/urllib3/issues/3020
  warnings.warn(
 * Debugger is active!
 * Debugger PIN: 440-621-526
 * Detected change in '/Users/hakanficicilar/Documents/Aİ/MARK MİNERVİNİ/app.py', reloading
================================================================================
🚀 MARK MINERVINI TRADING PLATFORM
================================================================================

✅ Server başlatılıyor...
📡 URL: http://localhost:5555
📊 Dashboard: http://localhost:5555
🔍 Scanner: http://localhost:5555/scanner
💼 Portfolio: http://localhost:5555/portfolio

⚠️  Durdurmak için Ctrl+C

 * Restarting with stat
  File "/Users/hakanficicilar/Documents/Aİ/MARK MİNERVİNİ/app.py", line 129
    import pandas as pd as _pd
                        ^
SyntaxError: invalid syntax
